INFO - 2024-03-03 12:06:34 --> Session: Class initialized using 'CodeIgniter\Session\Handlers\FileHandler' driver.
INFO - 2024-03-03 12:06:41 --> Session: Class initialized using 'CodeIgniter\Session\Handlers\FileHandler' driver.
INFO - 2024-03-03 12:06:41 --> Session: Class initialized using 'CodeIgniter\Session\Handlers\FileHandler' driver.
INFO - 2024-03-03 12:06:44 --> Session: Class initialized using 'CodeIgniter\Session\Handlers\FileHandler' driver.
INFO - 2024-03-03 12:06:45 --> Session: Class initialized using 'CodeIgniter\Session\Handlers\FileHandler' driver.
INFO - 2024-03-03 12:06:50 --> Session: Class initialized using 'CodeIgniter\Session\Handlers\FileHandler' driver.
INFO - 2024-03-03 12:08:43 --> Session: Class initialized using 'CodeIgniter\Session\Handlers\FileHandler' driver.
INFO - 2024-03-03 12:08:51 --> Session: Class initialized using 'CodeIgniter\Session\Handlers\FileHandler' driver.
INFO - 2024-03-03 12:09:09 --> Session: Class initialized using 'CodeIgniter\Session\Handlers\FileHandler' driver.
INFO - 2024-03-03 12:13:45 --> Session: Class initialized using 'CodeIgniter\Session\Handlers\FileHandler' driver.
INFO - 2024-03-03 15:01:59 --> Session: Class initialized using 'CodeIgniter\Session\Handlers\FileHandler' driver.
INFO - 2024-03-03 15:02:02 --> Session: Class initialized using 'CodeIgniter\Session\Handlers\FileHandler' driver.
INFO - 2024-03-03 15:02:07 --> Session: Class initialized using 'CodeIgniter\Session\Handlers\FileHandler' driver.
INFO - 2024-03-03 15:02:12 --> Session: Class initialized using 'CodeIgniter\Session\Handlers\FileHandler' driver.
INFO - 2024-03-03 15:02:17 --> Session: Class initialized using 'CodeIgniter\Session\Handlers\FileHandler' driver.
INFO - 2024-03-03 15:02:17 --> Session: Class initialized using 'CodeIgniter\Session\Handlers\FileHandler' driver.
INFO - 2024-03-03 15:02:19 --> Session: Class initialized using 'CodeIgniter\Session\Handlers\FileHandler' driver.
INFO - 2024-03-03 15:02:20 --> Session: Class initialized using 'CodeIgniter\Session\Handlers\FileHandler' driver.
INFO - 2024-03-03 15:02:23 --> Session: Class initialized using 'CodeIgniter\Session\Handlers\FileHandler' driver.
INFO - 2024-03-03 15:02:23 --> Session: Class initialized using 'CodeIgniter\Session\Handlers\FileHandler' driver.
INFO - 2024-03-03 15:02:25 --> Session: Class initialized using 'CodeIgniter\Session\Handlers\FileHandler' driver.
INFO - 2024-03-03 15:02:25 --> Session: Class initialized using 'CodeIgniter\Session\Handlers\FileHandler' driver.
INFO - 2024-03-03 15:02:27 --> Session: Class initialized using 'CodeIgniter\Session\Handlers\FileHandler' driver.
INFO - 2024-03-03 15:02:27 --> Session: Class initialized using 'CodeIgniter\Session\Handlers\FileHandler' driver.
INFO - 2024-03-03 15:02:29 --> Session: Class initialized using 'CodeIgniter\Session\Handlers\FileHandler' driver.
INFO - 2024-03-03 15:02:29 --> Session: Class initialized using 'CodeIgniter\Session\Handlers\FileHandler' driver.
INFO - 2024-03-03 15:02:31 --> Session: Class initialized using 'CodeIgniter\Session\Handlers\FileHandler' driver.
INFO - 2024-03-03 15:02:31 --> Session: Class initialized using 'CodeIgniter\Session\Handlers\FileHandler' driver.
INFO - 2024-03-03 15:02:32 --> Session: Class initialized using 'CodeIgniter\Session\Handlers\FileHandler' driver.
INFO - 2024-03-03 15:02:32 --> Session: Class initialized using 'CodeIgniter\Session\Handlers\FileHandler' driver.
INFO - 2024-03-03 15:02:33 --> Session: Class initialized using 'CodeIgniter\Session\Handlers\FileHandler' driver.
INFO - 2024-03-03 15:02:34 --> Session: Class initialized using 'CodeIgniter\Session\Handlers\FileHandler' driver.
INFO - 2024-03-03 15:02:36 --> Session: Class initialized using 'CodeIgniter\Session\Handlers\FileHandler' driver.
INFO - 2024-03-03 15:02:36 --> Session: Class initialized using 'CodeIgniter\Session\Handlers\FileHandler' driver.
INFO - 2024-03-03 15:02:39 --> Session: Class initialized using 'CodeIgniter\Session\Handlers\FileHandler' driver.
INFO - 2024-03-03 15:02:39 --> Session: Class initialized using 'CodeIgniter\Session\Handlers\FileHandler' driver.
INFO - 2024-03-03 15:02:41 --> Session: Class initialized using 'CodeIgniter\Session\Handlers\FileHandler' driver.
INFO - 2024-03-03 15:02:42 --> Session: Class initialized using 'CodeIgniter\Session\Handlers\FileHandler' driver.
INFO - 2024-03-03 15:02:45 --> Session: Class initialized using 'CodeIgniter\Session\Handlers\FileHandler' driver.
INFO - 2024-03-03 15:02:45 --> Session: Class initialized using 'CodeIgniter\Session\Handlers\FileHandler' driver.
INFO - 2024-03-03 15:03:04 --> Session: Class initialized using 'CodeIgniter\Session\Handlers\FileHandler' driver.
INFO - 2024-03-03 15:03:05 --> Session: Class initialized using 'CodeIgniter\Session\Handlers\FileHandler' driver.
INFO - 2024-03-03 15:03:08 --> Session: Class initialized using 'CodeIgniter\Session\Handlers\FileHandler' driver.
INFO - 2024-03-03 15:03:41 --> Session: Class initialized using 'CodeIgniter\Session\Handlers\FileHandler' driver.
INFO - 2024-03-03 15:03:42 --> Session: Class initialized using 'CodeIgniter\Session\Handlers\FileHandler' driver.
INFO - 2024-03-03 15:04:18 --> Session: Class initialized using 'CodeIgniter\Session\Handlers\FileHandler' driver.
INFO - 2024-03-03 15:04:18 --> Session: Class initialized using 'CodeIgniter\Session\Handlers\FileHandler' driver.
INFO - 2024-03-03 15:05:00 --> Session: Class initialized using 'CodeIgniter\Session\Handlers\FileHandler' driver.
INFO - 2024-03-03 15:05:00 --> Session: Class initialized using 'CodeIgniter\Session\Handlers\FileHandler' driver.
INFO - 2024-03-03 15:05:37 --> Session: Class initialized using 'CodeIgniter\Session\Handlers\FileHandler' driver.
INFO - 2024-03-03 15:05:37 --> Session: Class initialized using 'CodeIgniter\Session\Handlers\FileHandler' driver.
INFO - 2024-03-03 15:06:21 --> Session: Class initialized using 'CodeIgniter\Session\Handlers\FileHandler' driver.
INFO - 2024-03-03 15:06:22 --> Session: Class initialized using 'CodeIgniter\Session\Handlers\FileHandler' driver.
ERROR - 2024-03-03 15:06:22 --> mysqli_sql_exception: Duplicate entry 'KB-005' for key 'PRIMARY' in C:\xampp\htdocs\perpus_new\system\Database\MySQLi\Connection.php:306
Stack trace:
#0 C:\xampp\htdocs\perpus_new\system\Database\MySQLi\Connection.php(306): mysqli->query('INSERT INTO `tb...', 0)
#1 C:\xampp\htdocs\perpus_new\system\Database\BaseConnection.php(693): CodeIgniter\Database\MySQLi\Connection->execute('INSERT INTO `tb...')
#2 C:\xampp\htdocs\perpus_new\system\Database\BaseConnection.php(607): CodeIgniter\Database\BaseConnection->simpleQuery('INSERT INTO `tb...')
#3 C:\xampp\htdocs\perpus_new\system\Database\BaseBuilder.php(2307): CodeIgniter\Database\BaseConnection->query('INSERT INTO `tb...', Array, false)
#4 C:\xampp\htdocs\perpus_new\app\Models\ModelBuku.php(16): CodeIgniter\Database\BaseBuilder->insert(Array)
#5 C:\xampp\htdocs\perpus_new\app\Controllers\Admin.php(474): App\Models\ModelBuku->tambah_buku(Array)
#6 C:\xampp\htdocs\perpus_new\system\CodeIgniter.php(941): App\Controllers\Admin->proses_tambah_buku()
#7 C:\xampp\htdocs\perpus_new\system\CodeIgniter.php(502): CodeIgniter\CodeIgniter->runController(Object(App\Controllers\Admin))
#8 C:\xampp\htdocs\perpus_new\system\CodeIgniter.php(361): CodeIgniter\CodeIgniter->handleRequest(NULL, Object(Config\Cache), false)
#9 C:\xampp\htdocs\perpus_new\public\index.php(79): CodeIgniter\CodeIgniter->run()
#10 {main}
CRITICAL - 2024-03-03 15:06:22 --> CodeIgniter\Database\Exceptions\DatabaseException: Duplicate entry 'KB-005' for key 'PRIMARY'
in SYSTEMPATH\Database\BaseConnection.php on line 647.
 1 SYSTEMPATH\Database\BaseBuilder.php(2307): CodeIgniter\Database\BaseConnection->query('INSERT INTO `tb_buku` (`judul`, `id_buku`, `id_kategori_buku`, `id_sub_kategori`, `penulis`, `penerbit`, `tahun_terbit`, `stok`, `sinopsis`, `sampul_buku`) VALUES (:judul:, :id_buku:, :id_kategori_buku:, :id_sub_kategori:, :penulis:, :penerbit:, :tahun_terbit:, :stok:, :sinopsis:, :sampul_buku:)', [...], false)
 2 APPPATH\Models\ModelBuku.php(16): CodeIgniter\Database\BaseBuilder->insert([...])
 3 APPPATH\Controllers\Admin.php(474): App\Models\ModelBuku->tambah_buku([...])
 4 SYSTEMPATH\CodeIgniter.php(941): App\Controllers\Admin->proses_tambah_buku()
 5 SYSTEMPATH\CodeIgniter.php(502): CodeIgniter\CodeIgniter->runController(Object(App\Controllers\Admin))
 6 SYSTEMPATH\CodeIgniter.php(361): CodeIgniter\CodeIgniter->handleRequest(null, Object(Config\Cache), false)
 7 FCPATH\index.php(79): CodeIgniter\CodeIgniter->run()
CRITICAL - 2024-03-03 15:06:22 --> [Caused by] CodeIgniter\Database\Exceptions\DatabaseException: Duplicate entry 'KB-005' for key 'PRIMARY'
in SYSTEMPATH\Database\MySQLi\Connection.php on line 311.
 1 SYSTEMPATH\Database\BaseConnection.php(693): CodeIgniter\Database\MySQLi\Connection->execute('INSERT INTO `tb_buku` (`judul`, `id_buku`, `id_kategori_buku`, `id_sub_kategori`, `penulis`, `penerbit`, `tahun_terbit`, `stok`, `sinopsis`, `sampul_buku`) VALUES (\'Nicolas Spark\', \'KB-005\', \'KK-001\', \'KS-002\', \'Nicolas\', \'Nicolas\', \'2007\', \'23\', \'Ashley Veronica Yates, seorang penyanyi remaja yang tiba-tiba terjebak dalam petualangan tak terduga ketika bertemu dengan Benny Rosvelt, seorang penulis misterius yang menyamar sebagai seorang teman. Dengan pesona remaja yang memikat dan bakat musik yang memikat, Ashley harus menghadapi rahasia-rahasia keluarga, persahabatan yang dipertaruhkan, dan ketakutan akan ketenaran yang mendadak. Di tengah semua itu, dia menemukan keberanian untuk menerima dirinya sendiri dan menghadapi tantangan baru yang mengubah hidupnya, menuju tempat yang tidak pernah dia bayangkan sebelumnya dalam dunia hiburan.\', \'Nicolas Spark_1709478382.png\')')
 2 SYSTEMPATH\Database\BaseConnection.php(607): CodeIgniter\Database\BaseConnection->simpleQuery('INSERT INTO `tb_buku` (`judul`, `id_buku`, `id_kategori_buku`, `id_sub_kategori`, `penulis`, `penerbit`, `tahun_terbit`, `stok`, `sinopsis`, `sampul_buku`) VALUES (\'Nicolas Spark\', \'KB-005\', \'KK-001\', \'KS-002\', \'Nicolas\', \'Nicolas\', \'2007\', \'23\', \'Ashley Veronica Yates, seorang penyanyi remaja yang tiba-tiba terjebak dalam petualangan tak terduga ketika bertemu dengan Benny Rosvelt, seorang penulis misterius yang menyamar sebagai seorang teman. Dengan pesona remaja yang memikat dan bakat musik yang memikat, Ashley harus menghadapi rahasia-rahasia keluarga, persahabatan yang dipertaruhkan, dan ketakutan akan ketenaran yang mendadak. Di tengah semua itu, dia menemukan keberanian untuk menerima dirinya sendiri dan menghadapi tantangan baru yang mengubah hidupnya, menuju tempat yang tidak pernah dia bayangkan sebelumnya dalam dunia hiburan.\', \'Nicolas Spark_1709478382.png\')')
 3 SYSTEMPATH\Database\BaseBuilder.php(2307): CodeIgniter\Database\BaseConnection->query('INSERT INTO `tb_buku` (`judul`, `id_buku`, `id_kategori_buku`, `id_sub_kategori`, `penulis`, `penerbit`, `tahun_terbit`, `stok`, `sinopsis`, `sampul_buku`) VALUES (:judul:, :id_buku:, :id_kategori_buku:, :id_sub_kategori:, :penulis:, :penerbit:, :tahun_terbit:, :stok:, :sinopsis:, :sampul_buku:)', [...], false)
 4 APPPATH\Models\ModelBuku.php(16): CodeIgniter\Database\BaseBuilder->insert([...])
 5 APPPATH\Controllers\Admin.php(474): App\Models\ModelBuku->tambah_buku([...])
 6 SYSTEMPATH\CodeIgniter.php(941): App\Controllers\Admin->proses_tambah_buku()
 7 SYSTEMPATH\CodeIgniter.php(502): CodeIgniter\CodeIgniter->runController(Object(App\Controllers\Admin))
 8 SYSTEMPATH\CodeIgniter.php(361): CodeIgniter\CodeIgniter->handleRequest(null, Object(Config\Cache), false)
 9 FCPATH\index.php(79): CodeIgniter\CodeIgniter->run()
CRITICAL - 2024-03-03 15:06:22 --> [Caused by] mysqli_sql_exception: Duplicate entry 'KB-005' for key 'PRIMARY'
in SYSTEMPATH\Database\MySQLi\Connection.php on line 306.
 1 SYSTEMPATH\Database\MySQLi\Connection.php(306): mysqli->query('INSERT INTO `tb_buku` (`judul`, `id_buku`, `id_kategori_buku`, `id_sub_kategori`, `penulis`, `penerbit`, `tahun_terbit`, `stok`, `sinopsis`, `sampul_buku`) VALUES (\'Nicolas Spark\', \'KB-005\', \'KK-001\', \'KS-002\', \'Nicolas\', \'Nicolas\', \'2007\', \'23\', \'Ashley Veronica Yates, seorang penyanyi remaja yang tiba-tiba terjebak dalam petualangan tak terduga ketika bertemu dengan Benny Rosvelt, seorang penulis misterius yang menyamar sebagai seorang teman. Dengan pesona remaja yang memikat dan bakat musik yang memikat, Ashley harus menghadapi rahasia-rahasia keluarga, persahabatan yang dipertaruhkan, dan ketakutan akan ketenaran yang mendadak. Di tengah semua itu, dia menemukan keberanian untuk menerima dirinya sendiri dan menghadapi tantangan baru yang mengubah hidupnya, menuju tempat yang tidak pernah dia bayangkan sebelumnya dalam dunia hiburan.\', \'Nicolas Spark_1709478382.png\')', 0)
 2 SYSTEMPATH\Database\BaseConnection.php(693): CodeIgniter\Database\MySQLi\Connection->execute('INSERT INTO `tb_buku` (`judul`, `id_buku`, `id_kategori_buku`, `id_sub_kategori`, `penulis`, `penerbit`, `tahun_terbit`, `stok`, `sinopsis`, `sampul_buku`) VALUES (\'Nicolas Spark\', \'KB-005\', \'KK-001\', \'KS-002\', \'Nicolas\', \'Nicolas\', \'2007\', \'23\', \'Ashley Veronica Yates, seorang penyanyi remaja yang tiba-tiba terjebak dalam petualangan tak terduga ketika bertemu dengan Benny Rosvelt, seorang penulis misterius yang menyamar sebagai seorang teman. Dengan pesona remaja yang memikat dan bakat musik yang memikat, Ashley harus menghadapi rahasia-rahasia keluarga, persahabatan yang dipertaruhkan, dan ketakutan akan ketenaran yang mendadak. Di tengah semua itu, dia menemukan keberanian untuk menerima dirinya sendiri dan menghadapi tantangan baru yang mengubah hidupnya, menuju tempat yang tidak pernah dia bayangkan sebelumnya dalam dunia hiburan.\', \'Nicolas Spark_1709478382.png\')')
 3 SYSTEMPATH\Database\BaseConnection.php(607): CodeIgniter\Database\BaseConnection->simpleQuery('INSERT INTO `tb_buku` (`judul`, `id_buku`, `id_kategori_buku`, `id_sub_kategori`, `penulis`, `penerbit`, `tahun_terbit`, `stok`, `sinopsis`, `sampul_buku`) VALUES (\'Nicolas Spark\', \'KB-005\', \'KK-001\', \'KS-002\', \'Nicolas\', \'Nicolas\', \'2007\', \'23\', \'Ashley Veronica Yates, seorang penyanyi remaja yang tiba-tiba terjebak dalam petualangan tak terduga ketika bertemu dengan Benny Rosvelt, seorang penulis misterius yang menyamar sebagai seorang teman. Dengan pesona remaja yang memikat dan bakat musik yang memikat, Ashley harus menghadapi rahasia-rahasia keluarga, persahabatan yang dipertaruhkan, dan ketakutan akan ketenaran yang mendadak. Di tengah semua itu, dia menemukan keberanian untuk menerima dirinya sendiri dan menghadapi tantangan baru yang mengubah hidupnya, menuju tempat yang tidak pernah dia bayangkan sebelumnya dalam dunia hiburan.\', \'Nicolas Spark_1709478382.png\')')
 4 SYSTEMPATH\Database\BaseBuilder.php(2307): CodeIgniter\Database\BaseConnection->query('INSERT INTO `tb_buku` (`judul`, `id_buku`, `id_kategori_buku`, `id_sub_kategori`, `penulis`, `penerbit`, `tahun_terbit`, `stok`, `sinopsis`, `sampul_buku`) VALUES (:judul:, :id_buku:, :id_kategori_buku:, :id_sub_kategori:, :penulis:, :penerbit:, :tahun_terbit:, :stok:, :sinopsis:, :sampul_buku:)', [...], false)
 5 APPPATH\Models\ModelBuku.php(16): CodeIgniter\Database\BaseBuilder->insert([...])
 6 APPPATH\Controllers\Admin.php(474): App\Models\ModelBuku->tambah_buku([...])
 7 SYSTEMPATH\CodeIgniter.php(941): App\Controllers\Admin->proses_tambah_buku()
 8 SYSTEMPATH\CodeIgniter.php(502): CodeIgniter\CodeIgniter->runController(Object(App\Controllers\Admin))
 9 SYSTEMPATH\CodeIgniter.php(361): CodeIgniter\CodeIgniter->handleRequest(null, Object(Config\Cache), false)
10 FCPATH\index.php(79): CodeIgniter\CodeIgniter->run()
INFO - 2024-03-03 15:06:29 --> Session: Class initialized using 'CodeIgniter\Session\Handlers\FileHandler' driver.
INFO - 2024-03-03 15:06:34 --> Session: Class initialized using 'CodeIgniter\Session\Handlers\FileHandler' driver.
INFO - 2024-03-03 15:06:35 --> Session: Class initialized using 'CodeIgniter\Session\Handlers\FileHandler' driver.
INFO - 2024-03-03 15:06:36 --> Session: Class initialized using 'CodeIgniter\Session\Handlers\FileHandler' driver.
INFO - 2024-03-03 15:07:31 --> Session: Class initialized using 'CodeIgniter\Session\Handlers\FileHandler' driver.
INFO - 2024-03-03 15:07:34 --> Session: Class initialized using 'CodeIgniter\Session\Handlers\FileHandler' driver.
INFO - 2024-03-03 15:07:34 --> Session: Class initialized using 'CodeIgniter\Session\Handlers\FileHandler' driver.
INFO - 2024-03-03 15:07:59 --> Session: Class initialized using 'CodeIgniter\Session\Handlers\FileHandler' driver.
INFO - 2024-03-03 15:09:52 --> Session: Class initialized using 'CodeIgniter\Session\Handlers\FileHandler' driver.
INFO - 2024-03-03 15:10:00 --> Session: Class initialized using 'CodeIgniter\Session\Handlers\FileHandler' driver.
INFO - 2024-03-03 15:10:31 --> Session: Class initialized using 'CodeIgniter\Session\Handlers\FileHandler' driver.
INFO - 2024-03-03 15:10:48 --> Session: Class initialized using 'CodeIgniter\Session\Handlers\FileHandler' driver.
INFO - 2024-03-03 15:10:51 --> Session: Class initialized using 'CodeIgniter\Session\Handlers\FileHandler' driver.
INFO - 2024-03-03 15:10:51 --> Session: Class initialized using 'CodeIgniter\Session\Handlers\FileHandler' driver.
INFO - 2024-03-03 15:10:53 --> Session: Class initialized using 'CodeIgniter\Session\Handlers\FileHandler' driver.
INFO - 2024-03-03 15:11:16 --> Session: Class initialized using 'CodeIgniter\Session\Handlers\FileHandler' driver.
INFO - 2024-03-03 15:11:17 --> Session: Class initialized using 'CodeIgniter\Session\Handlers\FileHandler' driver.
INFO - 2024-03-03 15:11:20 --> Session: Class initialized using 'CodeIgniter\Session\Handlers\FileHandler' driver.
INFO - 2024-03-03 15:11:25 --> Session: Class initialized using 'CodeIgniter\Session\Handlers\FileHandler' driver.
INFO - 2024-03-03 15:11:25 --> Session: Class initialized using 'CodeIgniter\Session\Handlers\FileHandler' driver.
INFO - 2024-03-03 15:11:49 --> Session: Class initialized using 'CodeIgniter\Session\Handlers\FileHandler' driver.
INFO - 2024-03-03 15:12:20 --> Session: Class initialized using 'CodeIgniter\Session\Handlers\FileHandler' driver.
INFO - 2024-03-03 15:12:21 --> Session: Class initialized using 'CodeIgniter\Session\Handlers\FileHandler' driver.
INFO - 2024-03-03 15:13:28 --> Session: Class initialized using 'CodeIgniter\Session\Handlers\FileHandler' driver.
INFO - 2024-03-03 15:13:39 --> Session: Class initialized using 'CodeIgniter\Session\Handlers\FileHandler' driver.
INFO - 2024-03-03 15:14:10 --> Session: Class initialized using 'CodeIgniter\Session\Handlers\FileHandler' driver.
INFO - 2024-03-03 15:14:26 --> Session: Class initialized using 'CodeIgniter\Session\Handlers\FileHandler' driver.
INFO - 2024-03-03 15:14:40 --> Session: Class initialized using 'CodeIgniter\Session\Handlers\FileHandler' driver.
INFO - 2024-03-03 15:14:40 --> Session: Class initialized using 'CodeIgniter\Session\Handlers\FileHandler' driver.
INFO - 2024-03-03 15:14:46 --> Session: Class initialized using 'CodeIgniter\Session\Handlers\FileHandler' driver.
INFO - 2024-03-03 15:14:46 --> Session: Class initialized using 'CodeIgniter\Session\Handlers\FileHandler' driver.
INFO - 2024-03-03 15:14:48 --> Session: Class initialized using 'CodeIgniter\Session\Handlers\FileHandler' driver.
INFO - 2024-03-03 15:15:33 --> Session: Class initialized using 'CodeIgniter\Session\Handlers\FileHandler' driver.
INFO - 2024-03-03 15:15:50 --> Session: Class initialized using 'CodeIgniter\Session\Handlers\FileHandler' driver.
INFO - 2024-03-03 15:16:21 --> Session: Class initialized using 'CodeIgniter\Session\Handlers\FileHandler' driver.
