INFO - 2024-02-28 00:11:53 --> Session: Class initialized using 'CodeIgniter\Session\Handlers\FileHandler' driver.
INFO - 2024-02-28 00:12:11 --> Session: Class initialized using 'CodeIgniter\Session\Handlers\FileHandler' driver.
INFO - 2024-02-28 00:13:36 --> Session: Class initialized using 'CodeIgniter\Session\Handlers\FileHandler' driver.
INFO - 2024-02-28 00:13:41 --> Session: Class initialized using 'CodeIgniter\Session\Handlers\FileHandler' driver.
INFO - 2024-02-28 00:13:41 --> Session: Class initialized using 'CodeIgniter\Session\Handlers\FileHandler' driver.
INFO - 2024-02-28 00:13:46 --> Session: Class initialized using 'CodeIgniter\Session\Handlers\FileHandler' driver.
INFO - 2024-02-28 00:13:46 --> Session: Class initialized using 'CodeIgniter\Session\Handlers\FileHandler' driver.
INFO - 2024-02-28 00:13:48 --> Session: Class initialized using 'CodeIgniter\Session\Handlers\FileHandler' driver.
INFO - 2024-02-28 00:13:50 --> Session: Class initialized using 'CodeIgniter\Session\Handlers\FileHandler' driver.
INFO - 2024-02-28 00:13:51 --> Session: Class initialized using 'CodeIgniter\Session\Handlers\FileHandler' driver.
INFO - 2024-02-28 00:13:56 --> Session: Class initialized using 'CodeIgniter\Session\Handlers\FileHandler' driver.
INFO - 2024-02-28 00:14:01 --> Session: Class initialized using 'CodeIgniter\Session\Handlers\FileHandler' driver.
INFO - 2024-02-28 00:14:09 --> Session: Class initialized using 'CodeIgniter\Session\Handlers\FileHandler' driver.
INFO - 2024-02-28 00:14:17 --> Session: Class initialized using 'CodeIgniter\Session\Handlers\FileHandler' driver.
INFO - 2024-02-28 00:16:24 --> Session: Class initialized using 'CodeIgniter\Session\Handlers\FileHandler' driver.
INFO - 2024-02-28 00:16:35 --> Session: Class initialized using 'CodeIgniter\Session\Handlers\FileHandler' driver.
INFO - 2024-02-28 00:17:08 --> Session: Class initialized using 'CodeIgniter\Session\Handlers\FileHandler' driver.
INFO - 2024-02-28 00:54:19 --> Session: Class initialized using 'CodeIgniter\Session\Handlers\FileHandler' driver.
INFO - 2024-02-28 00:54:20 --> Session: Class initialized using 'CodeIgniter\Session\Handlers\FileHandler' driver.
INFO - 2024-02-28 00:54:28 --> Session: Class initialized using 'CodeIgniter\Session\Handlers\FileHandler' driver.
INFO - 2024-02-28 00:54:29 --> Session: Class initialized using 'CodeIgniter\Session\Handlers\FileHandler' driver.
INFO - 2024-02-28 00:54:31 --> Session: Class initialized using 'CodeIgniter\Session\Handlers\FileHandler' driver.
INFO - 2024-02-28 00:54:32 --> Session: Class initialized using 'CodeIgniter\Session\Handlers\FileHandler' driver.
INFO - 2024-02-28 00:54:34 --> Session: Class initialized using 'CodeIgniter\Session\Handlers\FileHandler' driver.
INFO - 2024-02-28 00:54:37 --> Session: Class initialized using 'CodeIgniter\Session\Handlers\FileHandler' driver.
INFO - 2024-02-28 00:54:46 --> Session: Class initialized using 'CodeIgniter\Session\Handlers\FileHandler' driver.
INFO - 2024-02-28 00:55:11 --> Session: Class initialized using 'CodeIgniter\Session\Handlers\FileHandler' driver.
INFO - 2024-02-28 01:06:22 --> Session: Class initialized using 'CodeIgniter\Session\Handlers\FileHandler' driver.
INFO - 2024-02-28 01:06:22 --> Session: Class initialized using 'CodeIgniter\Session\Handlers\FileHandler' driver.
INFO - 2024-02-28 01:06:29 --> Session: Class initialized using 'CodeIgniter\Session\Handlers\FileHandler' driver.
INFO - 2024-02-28 01:06:29 --> Session: Class initialized using 'CodeIgniter\Session\Handlers\FileHandler' driver.
INFO - 2024-02-28 01:06:31 --> Session: Class initialized using 'CodeIgniter\Session\Handlers\FileHandler' driver.
INFO - 2024-02-28 01:06:32 --> Session: Class initialized using 'CodeIgniter\Session\Handlers\FileHandler' driver.
INFO - 2024-02-28 01:06:33 --> Session: Class initialized using 'CodeIgniter\Session\Handlers\FileHandler' driver.
INFO - 2024-02-28 01:06:37 --> Session: Class initialized using 'CodeIgniter\Session\Handlers\FileHandler' driver.
INFO - 2024-02-28 01:06:37 --> Session: Class initialized using 'CodeIgniter\Session\Handlers\FileHandler' driver.
INFO - 2024-02-28 01:06:41 --> Session: Class initialized using 'CodeIgniter\Session\Handlers\FileHandler' driver.
INFO - 2024-02-28 01:06:42 --> Session: Class initialized using 'CodeIgniter\Session\Handlers\FileHandler' driver.
INFO - 2024-02-28 01:06:48 --> Session: Class initialized using 'CodeIgniter\Session\Handlers\FileHandler' driver.
INFO - 2024-02-28 01:06:48 --> Session: Class initialized using 'CodeIgniter\Session\Handlers\FileHandler' driver.
INFO - 2024-02-28 01:06:49 --> Session: Class initialized using 'CodeIgniter\Session\Handlers\FileHandler' driver.
INFO - 2024-02-28 01:06:51 --> Session: Class initialized using 'CodeIgniter\Session\Handlers\FileHandler' driver.
INFO - 2024-02-28 01:07:28 --> Session: Class initialized using 'CodeIgniter\Session\Handlers\FileHandler' driver.
INFO - 2024-02-28 01:19:02 --> Session: Class initialized using 'CodeIgniter\Session\Handlers\FileHandler' driver.
INFO - 2024-02-28 01:19:04 --> Session: Class initialized using 'CodeIgniter\Session\Handlers\FileHandler' driver.
INFO - 2024-02-28 05:31:35 --> Session: Class initialized using 'CodeIgniter\Session\Handlers\FileHandler' driver.
INFO - 2024-02-28 05:31:35 --> Session: Class initialized using 'CodeIgniter\Session\Handlers\FileHandler' driver.
INFO - 2024-02-28 05:31:44 --> Session: Class initialized using 'CodeIgniter\Session\Handlers\FileHandler' driver.
INFO - 2024-02-28 05:31:45 --> Session: Class initialized using 'CodeIgniter\Session\Handlers\FileHandler' driver.
INFO - 2024-02-28 05:31:50 --> Session: Class initialized using 'CodeIgniter\Session\Handlers\FileHandler' driver.
INFO - 2024-02-28 05:31:55 --> Session: Class initialized using 'CodeIgniter\Session\Handlers\FileHandler' driver.
INFO - 2024-02-28 05:32:33 --> Session: Class initialized using 'CodeIgniter\Session\Handlers\FileHandler' driver.
INFO - 2024-02-28 05:32:33 --> Session: Class initialized using 'CodeIgniter\Session\Handlers\FileHandler' driver.
INFO - 2024-02-28 05:32:36 --> Session: Class initialized using 'CodeIgniter\Session\Handlers\FileHandler' driver.
INFO - 2024-02-28 05:32:39 --> Session: Class initialized using 'CodeIgniter\Session\Handlers\FileHandler' driver.
INFO - 2024-02-28 05:32:46 --> Session: Class initialized using 'CodeIgniter\Session\Handlers\FileHandler' driver.
INFO - 2024-02-28 05:32:46 --> Session: Class initialized using 'CodeIgniter\Session\Handlers\FileHandler' driver.
INFO - 2024-02-28 05:32:49 --> Session: Class initialized using 'CodeIgniter\Session\Handlers\FileHandler' driver.
INFO - 2024-02-28 05:32:54 --> Session: Class initialized using 'CodeIgniter\Session\Handlers\FileHandler' driver.
INFO - 2024-02-28 05:32:55 --> Session: Class initialized using 'CodeIgniter\Session\Handlers\FileHandler' driver.
INFO - 2024-02-28 05:32:56 --> Session: Class initialized using 'CodeIgniter\Session\Handlers\FileHandler' driver.
INFO - 2024-02-28 05:33:00 --> Session: Class initialized using 'CodeIgniter\Session\Handlers\FileHandler' driver.
INFO - 2024-02-28 05:33:02 --> Session: Class initialized using 'CodeIgniter\Session\Handlers\FileHandler' driver.
INFO - 2024-02-28 05:33:04 --> Session: Class initialized using 'CodeIgniter\Session\Handlers\FileHandler' driver.
INFO - 2024-02-28 05:33:53 --> Session: Class initialized using 'CodeIgniter\Session\Handlers\FileHandler' driver.
INFO - 2024-02-28 05:34:00 --> Session: Class initialized using 'CodeIgniter\Session\Handlers\FileHandler' driver.
INFO - 2024-02-28 05:34:13 --> Session: Class initialized using 'CodeIgniter\Session\Handlers\FileHandler' driver.
INFO - 2024-02-28 05:34:22 --> Session: Class initialized using 'CodeIgniter\Session\Handlers\FileHandler' driver.
INFO - 2024-02-28 05:34:27 --> Session: Class initialized using 'CodeIgniter\Session\Handlers\FileHandler' driver.
INFO - 2024-02-28 05:34:31 --> Session: Class initialized using 'CodeIgniter\Session\Handlers\FileHandler' driver.
INFO - 2024-02-28 05:34:32 --> Session: Class initialized using 'CodeIgniter\Session\Handlers\FileHandler' driver.
INFO - 2024-02-28 05:34:35 --> Session: Class initialized using 'CodeIgniter\Session\Handlers\FileHandler' driver.
INFO - 2024-02-28 05:35:02 --> Session: Class initialized using 'CodeIgniter\Session\Handlers\FileHandler' driver.
INFO - 2024-02-28 05:35:02 --> Session: Class initialized using 'CodeIgniter\Session\Handlers\FileHandler' driver.
INFO - 2024-02-28 05:35:14 --> Session: Class initialized using 'CodeIgniter\Session\Handlers\FileHandler' driver.
INFO - 2024-02-28 05:35:23 --> Session: Class initialized using 'CodeIgniter\Session\Handlers\FileHandler' driver.
INFO - 2024-02-28 05:35:25 --> Session: Class initialized using 'CodeIgniter\Session\Handlers\FileHandler' driver.
CRITICAL - 2024-02-28 05:35:25 --> ErrorException: Trying to get property 'id_buku' of non-object
in APPPATH\Controllers\User.php on line 168.
 1 APPPATH\Controllers\User.php(168): CodeIgniter\Debug\Exceptions->errorHandler(8, 'Trying to get property \'id_buku\' of non-object', 'C:\\xampp\\htdocs\\perpus_new\\app\\Controllers\\User.php', 168, [...])
 2 SYSTEMPATH\CodeIgniter.php(941): App\Controllers\User->pinjam_buku('6')
 3 SYSTEMPATH\CodeIgniter.php(502): CodeIgniter\CodeIgniter->runController(Object(App\Controllers\User))
 4 SYSTEMPATH\CodeIgniter.php(361): CodeIgniter\CodeIgniter->handleRequest(null, Object(Config\Cache), false)
 5 FCPATH\index.php(79): CodeIgniter\CodeIgniter->run()
INFO - 2024-02-28 05:35:29 --> Session: Class initialized using 'CodeIgniter\Session\Handlers\FileHandler' driver.
INFO - 2024-02-28 05:35:33 --> Session: Class initialized using 'CodeIgniter\Session\Handlers\FileHandler' driver.
INFO - 2024-02-28 05:35:47 --> Session: Class initialized using 'CodeIgniter\Session\Handlers\FileHandler' driver.
INFO - 2024-02-28 05:35:47 --> Session: Class initialized using 'CodeIgniter\Session\Handlers\FileHandler' driver.
INFO - 2024-02-28 05:36:00 --> Session: Class initialized using 'CodeIgniter\Session\Handlers\FileHandler' driver.
INFO - 2024-02-28 05:36:24 --> Session: Class initialized using 'CodeIgniter\Session\Handlers\FileHandler' driver.
INFO - 2024-02-28 05:36:30 --> Session: Class initialized using 'CodeIgniter\Session\Handlers\FileHandler' driver.
INFO - 2024-02-28 05:36:31 --> Session: Class initialized using 'CodeIgniter\Session\Handlers\FileHandler' driver.
INFO - 2024-02-28 05:36:33 --> Session: Class initialized using 'CodeIgniter\Session\Handlers\FileHandler' driver.
INFO - 2024-02-28 05:36:42 --> Session: Class initialized using 'CodeIgniter\Session\Handlers\FileHandler' driver.
INFO - 2024-02-28 05:37:07 --> Session: Class initialized using 'CodeIgniter\Session\Handlers\FileHandler' driver.
INFO - 2024-02-28 05:37:57 --> Session: Class initialized using 'CodeIgniter\Session\Handlers\FileHandler' driver.
INFO - 2024-02-28 05:38:04 --> Session: Class initialized using 'CodeIgniter\Session\Handlers\FileHandler' driver.
INFO - 2024-02-28 05:38:04 --> Session: Class initialized using 'CodeIgniter\Session\Handlers\FileHandler' driver.
INFO - 2024-02-28 05:38:18 --> Session: Class initialized using 'CodeIgniter\Session\Handlers\FileHandler' driver.
INFO - 2024-02-28 06:11:52 --> Session: Class initialized using 'CodeIgniter\Session\Handlers\FileHandler' driver.
INFO - 2024-02-28 06:12:06 --> Session: Class initialized using 'CodeIgniter\Session\Handlers\FileHandler' driver.
CRITICAL - 2024-02-28 06:12:06 --> ErrorException: Trying to get property 'id_buku' of non-object
in APPPATH\Controllers\User.php on line 168.
 1 APPPATH\Controllers\User.php(168): CodeIgniter\Debug\Exceptions->errorHandler(8, 'Trying to get property \'id_buku\' of non-object', 'C:\\xampp\\htdocs\\perpus_new\\app\\Controllers\\User.php', 168, [...])
 2 SYSTEMPATH\CodeIgniter.php(941): App\Controllers\User->pinjam_buku('6')
 3 SYSTEMPATH\CodeIgniter.php(502): CodeIgniter\CodeIgniter->runController(Object(App\Controllers\User))
 4 SYSTEMPATH\CodeIgniter.php(361): CodeIgniter\CodeIgniter->handleRequest(null, Object(Config\Cache), false)
 5 FCPATH\index.php(79): CodeIgniter\CodeIgniter->run()
INFO - 2024-02-28 06:12:13 --> Session: Class initialized using 'CodeIgniter\Session\Handlers\FileHandler' driver.
INFO - 2024-02-28 06:12:14 --> Session: Class initialized using 'CodeIgniter\Session\Handlers\FileHandler' driver.
INFO - 2024-02-28 06:12:16 --> Session: Class initialized using 'CodeIgniter\Session\Handlers\FileHandler' driver.
INFO - 2024-02-28 06:12:17 --> Session: Class initialized using 'CodeIgniter\Session\Handlers\FileHandler' driver.
CRITICAL - 2024-02-28 06:12:17 --> ErrorException: Trying to get property 'id_buku' of non-object
in APPPATH\Controllers\User.php on line 168.
 1 APPPATH\Controllers\User.php(168): CodeIgniter\Debug\Exceptions->errorHandler(8, 'Trying to get property \'id_buku\' of non-object', 'C:\\xampp\\htdocs\\perpus_new\\app\\Controllers\\User.php', 168, [...])
 2 SYSTEMPATH\CodeIgniter.php(941): App\Controllers\User->pinjam_buku('6')
 3 SYSTEMPATH\CodeIgniter.php(502): CodeIgniter\CodeIgniter->runController(Object(App\Controllers\User))
 4 SYSTEMPATH\CodeIgniter.php(361): CodeIgniter\CodeIgniter->handleRequest(null, Object(Config\Cache), false)
 5 FCPATH\index.php(79): CodeIgniter\CodeIgniter->run()
INFO - 2024-02-28 06:12:19 --> Session: Class initialized using 'CodeIgniter\Session\Handlers\FileHandler' driver.
INFO - 2024-02-28 06:12:19 --> Session: Class initialized using 'CodeIgniter\Session\Handlers\FileHandler' driver.
INFO - 2024-02-28 06:12:21 --> Session: Class initialized using 'CodeIgniter\Session\Handlers\FileHandler' driver.
INFO - 2024-02-28 06:12:22 --> Session: Class initialized using 'CodeIgniter\Session\Handlers\FileHandler' driver.
INFO - 2024-02-28 06:12:23 --> Session: Class initialized using 'CodeIgniter\Session\Handlers\FileHandler' driver.
INFO - 2024-02-28 06:12:25 --> Session: Class initialized using 'CodeIgniter\Session\Handlers\FileHandler' driver.
INFO - 2024-02-28 06:12:25 --> Session: Class initialized using 'CodeIgniter\Session\Handlers\FileHandler' driver.
INFO - 2024-02-28 06:12:27 --> Session: Class initialized using 'CodeIgniter\Session\Handlers\FileHandler' driver.
INFO - 2024-02-28 06:12:32 --> Session: Class initialized using 'CodeIgniter\Session\Handlers\FileHandler' driver.
INFO - 2024-02-28 06:12:32 --> Session: Class initialized using 'CodeIgniter\Session\Handlers\FileHandler' driver.
INFO - 2024-02-28 06:12:39 --> Session: Class initialized using 'CodeIgniter\Session\Handlers\FileHandler' driver.
INFO - 2024-02-28 06:12:45 --> Session: Class initialized using 'CodeIgniter\Session\Handlers\FileHandler' driver.
INFO - 2024-02-28 06:12:45 --> Session: Class initialized using 'CodeIgniter\Session\Handlers\FileHandler' driver.
INFO - 2024-02-28 06:12:48 --> Session: Class initialized using 'CodeIgniter\Session\Handlers\FileHandler' driver.
INFO - 2024-02-28 06:12:49 --> Session: Class initialized using 'CodeIgniter\Session\Handlers\FileHandler' driver.
INFO - 2024-02-28 06:12:50 --> Session: Class initialized using 'CodeIgniter\Session\Handlers\FileHandler' driver.
INFO - 2024-02-28 06:13:10 --> Session: Class initialized using 'CodeIgniter\Session\Handlers\FileHandler' driver.
INFO - 2024-02-28 06:13:10 --> Session: Class initialized using 'CodeIgniter\Session\Handlers\FileHandler' driver.
INFO - 2024-02-28 06:13:13 --> Session: Class initialized using 'CodeIgniter\Session\Handlers\FileHandler' driver.
INFO - 2024-02-28 06:13:13 --> Session: Class initialized using 'CodeIgniter\Session\Handlers\FileHandler' driver.
INFO - 2024-02-28 06:13:14 --> Session: Class initialized using 'CodeIgniter\Session\Handlers\FileHandler' driver.
INFO - 2024-02-28 06:13:16 --> Session: Class initialized using 'CodeIgniter\Session\Handlers\FileHandler' driver.
INFO - 2024-02-28 06:13:16 --> Session: Class initialized using 'CodeIgniter\Session\Handlers\FileHandler' driver.
INFO - 2024-02-28 06:13:21 --> Session: Class initialized using 'CodeIgniter\Session\Handlers\FileHandler' driver.
INFO - 2024-02-28 06:13:21 --> Session: Class initialized using 'CodeIgniter\Session\Handlers\FileHandler' driver.
INFO - 2024-02-28 06:13:23 --> Session: Class initialized using 'CodeIgniter\Session\Handlers\FileHandler' driver.
INFO - 2024-02-28 06:13:25 --> Session: Class initialized using 'CodeIgniter\Session\Handlers\FileHandler' driver.
INFO - 2024-02-28 06:13:26 --> Session: Class initialized using 'CodeIgniter\Session\Handlers\FileHandler' driver.
CRITICAL - 2024-02-28 06:13:26 --> ErrorException: Trying to get property 'id_buku' of non-object
in APPPATH\Controllers\User.php on line 168.
 1 APPPATH\Controllers\User.php(168): CodeIgniter\Debug\Exceptions->errorHandler(8, 'Trying to get property \'id_buku\' of non-object', 'C:\\xampp\\htdocs\\perpus_new\\app\\Controllers\\User.php', 168, [...])
 2 SYSTEMPATH\CodeIgniter.php(941): App\Controllers\User->pinjam_buku('6')
 3 SYSTEMPATH\CodeIgniter.php(502): CodeIgniter\CodeIgniter->runController(Object(App\Controllers\User))
 4 SYSTEMPATH\CodeIgniter.php(361): CodeIgniter\CodeIgniter->handleRequest(null, Object(Config\Cache), false)
 5 FCPATH\index.php(79): CodeIgniter\CodeIgniter->run()
INFO - 2024-02-28 06:13:27 --> Session: Class initialized using 'CodeIgniter\Session\Handlers\FileHandler' driver.
INFO - 2024-02-28 06:13:29 --> Session: Class initialized using 'CodeIgniter\Session\Handlers\FileHandler' driver.
CRITICAL - 2024-02-28 06:13:29 --> ErrorException: Trying to get property 'id_buku' of non-object
in APPPATH\Controllers\User.php on line 168.
 1 APPPATH\Controllers\User.php(168): CodeIgniter\Debug\Exceptions->errorHandler(8, 'Trying to get property \'id_buku\' of non-object', 'C:\\xampp\\htdocs\\perpus_new\\app\\Controllers\\User.php', 168, [...])
 2 SYSTEMPATH\CodeIgniter.php(941): App\Controllers\User->pinjam_buku('6')
 3 SYSTEMPATH\CodeIgniter.php(502): CodeIgniter\CodeIgniter->runController(Object(App\Controllers\User))
 4 SYSTEMPATH\CodeIgniter.php(361): CodeIgniter\CodeIgniter->handleRequest(null, Object(Config\Cache), false)
 5 FCPATH\index.php(79): CodeIgniter\CodeIgniter->run()
INFO - 2024-02-28 06:13:33 --> Session: Class initialized using 'CodeIgniter\Session\Handlers\FileHandler' driver.
INFO - 2024-02-28 06:21:28 --> Session: Class initialized using 'CodeIgniter\Session\Handlers\FileHandler' driver.
INFO - 2024-02-28 06:21:33 --> Session: Class initialized using 'CodeIgniter\Session\Handlers\FileHandler' driver.
INFO - 2024-02-28 06:21:41 --> Session: Class initialized using 'CodeIgniter\Session\Handlers\FileHandler' driver.
INFO - 2024-02-28 06:21:41 --> Session: Class initialized using 'CodeIgniter\Session\Handlers\FileHandler' driver.
INFO - 2024-02-28 06:21:52 --> Session: Class initialized using 'CodeIgniter\Session\Handlers\FileHandler' driver.
INFO - 2024-02-28 06:21:58 --> Session: Class initialized using 'CodeIgniter\Session\Handlers\FileHandler' driver.
INFO - 2024-02-28 06:23:01 --> Session: Class initialized using 'CodeIgniter\Session\Handlers\FileHandler' driver.
INFO - 2024-02-28 06:23:03 --> Session: Class initialized using 'CodeIgniter\Session\Handlers\FileHandler' driver.
INFO - 2024-02-28 06:23:06 --> Session: Class initialized using 'CodeIgniter\Session\Handlers\FileHandler' driver.
INFO - 2024-02-28 06:23:08 --> Session: Class initialized using 'CodeIgniter\Session\Handlers\FileHandler' driver.
INFO - 2024-02-28 06:23:09 --> Session: Class initialized using 'CodeIgniter\Session\Handlers\FileHandler' driver.
INFO - 2024-02-28 06:30:38 --> Session: Class initialized using 'CodeIgniter\Session\Handlers\FileHandler' driver.
INFO - 2024-02-28 06:32:20 --> Session: Class initialized using 'CodeIgniter\Session\Handlers\FileHandler' driver.
INFO - 2024-02-28 06:32:24 --> Session: Class initialized using 'CodeIgniter\Session\Handlers\FileHandler' driver.
INFO - 2024-02-28 06:32:25 --> Session: Class initialized using 'CodeIgniter\Session\Handlers\FileHandler' driver.
INFO - 2024-02-28 06:35:41 --> Session: Class initialized using 'CodeIgniter\Session\Handlers\FileHandler' driver.
INFO - 2024-02-28 06:35:42 --> Session: Class initialized using 'CodeIgniter\Session\Handlers\FileHandler' driver.
INFO - 2024-02-28 06:35:46 --> Session: Class initialized using 'CodeIgniter\Session\Handlers\FileHandler' driver.
INFO - 2024-02-28 06:35:57 --> Session: Class initialized using 'CodeIgniter\Session\Handlers\FileHandler' driver.
INFO - 2024-02-28 06:35:57 --> Session: Class initialized using 'CodeIgniter\Session\Handlers\FileHandler' driver.
INFO - 2024-02-28 06:36:00 --> Session: Class initialized using 'CodeIgniter\Session\Handlers\FileHandler' driver.
INFO - 2024-02-28 06:36:21 --> Session: Class initialized using 'CodeIgniter\Session\Handlers\FileHandler' driver.
INFO - 2024-02-28 06:37:27 --> Session: Class initialized using 'CodeIgniter\Session\Handlers\FileHandler' driver.
INFO - 2024-02-28 06:37:36 --> Session: Class initialized using 'CodeIgniter\Session\Handlers\FileHandler' driver.
INFO - 2024-02-28 06:37:42 --> Session: Class initialized using 'CodeIgniter\Session\Handlers\FileHandler' driver.
INFO - 2024-02-28 06:37:43 --> Session: Class initialized using 'CodeIgniter\Session\Handlers\FileHandler' driver.
INFO - 2024-02-28 06:39:16 --> Session: Class initialized using 'CodeIgniter\Session\Handlers\FileHandler' driver.
INFO - 2024-02-28 06:39:16 --> Session: Class initialized using 'CodeIgniter\Session\Handlers\FileHandler' driver.
INFO - 2024-02-28 06:39:27 --> Session: Class initialized using 'CodeIgniter\Session\Handlers\FileHandler' driver.
INFO - 2024-02-28 06:39:27 --> Session: Class initialized using 'CodeIgniter\Session\Handlers\FileHandler' driver.
INFO - 2024-02-28 06:39:37 --> Session: Class initialized using 'CodeIgniter\Session\Handlers\FileHandler' driver.
INFO - 2024-02-28 06:39:40 --> Session: Class initialized using 'CodeIgniter\Session\Handlers\FileHandler' driver.
INFO - 2024-02-28 06:40:10 --> Session: Class initialized using 'CodeIgniter\Session\Handlers\FileHandler' driver.
INFO - 2024-02-28 06:40:22 --> Session: Class initialized using 'CodeIgniter\Session\Handlers\FileHandler' driver.
INFO - 2024-02-28 06:40:52 --> Session: Class initialized using 'CodeIgniter\Session\Handlers\FileHandler' driver.
INFO - 2024-02-28 06:40:54 --> Session: Class initialized using 'CodeIgniter\Session\Handlers\FileHandler' driver.
INFO - 2024-02-28 06:40:55 --> Session: Class initialized using 'CodeIgniter\Session\Handlers\FileHandler' driver.
INFO - 2024-02-28 06:58:18 --> Session: Class initialized using 'CodeIgniter\Session\Handlers\FileHandler' driver.
INFO - 2024-02-28 06:58:21 --> Session: Class initialized using 'CodeIgniter\Session\Handlers\FileHandler' driver.
INFO - 2024-02-28 06:58:23 --> Session: Class initialized using 'CodeIgniter\Session\Handlers\FileHandler' driver.
INFO - 2024-02-28 06:58:33 --> Session: Class initialized using 'CodeIgniter\Session\Handlers\FileHandler' driver.
INFO - 2024-02-28 06:58:34 --> Session: Class initialized using 'CodeIgniter\Session\Handlers\FileHandler' driver.
INFO - 2024-02-28 06:58:36 --> Session: Class initialized using 'CodeIgniter\Session\Handlers\FileHandler' driver.
INFO - 2024-02-28 06:58:42 --> Session: Class initialized using 'CodeIgniter\Session\Handlers\FileHandler' driver.
INFO - 2024-02-28 06:58:48 --> Session: Class initialized using 'CodeIgniter\Session\Handlers\FileHandler' driver.
INFO - 2024-02-28 06:58:49 --> Session: Class initialized using 'CodeIgniter\Session\Handlers\FileHandler' driver.
INFO - 2024-02-28 06:58:50 --> Session: Class initialized using 'CodeIgniter\Session\Handlers\FileHandler' driver.
INFO - 2024-02-28 07:03:39 --> Session: Class initialized using 'CodeIgniter\Session\Handlers\FileHandler' driver.
INFO - 2024-02-28 07:03:42 --> Session: Class initialized using 'CodeIgniter\Session\Handlers\FileHandler' driver.
INFO - 2024-02-28 07:03:55 --> Session: Class initialized using 'CodeIgniter\Session\Handlers\FileHandler' driver.
INFO - 2024-02-28 07:03:55 --> Session: Class initialized using 'CodeIgniter\Session\Handlers\FileHandler' driver.
INFO - 2024-02-28 07:06:36 --> Session: Class initialized using 'CodeIgniter\Session\Handlers\FileHandler' driver.
ERROR - 2024-02-28 07:06:39 --> mysqli_sql_exception: Column 'id_kategori_buku' cannot be null in C:\xampp\htdocs\perpus_new\system\Database\MySQLi\Connection.php:306
Stack trace:
#0 C:\xampp\htdocs\perpus_new\system\Database\MySQLi\Connection.php(306): mysqli->query('INSERT INTO `tb...', 0)
#1 C:\xampp\htdocs\perpus_new\system\Database\BaseConnection.php(693): CodeIgniter\Database\MySQLi\Connection->execute('INSERT INTO `tb...')
#2 C:\xampp\htdocs\perpus_new\system\Database\BaseConnection.php(607): CodeIgniter\Database\BaseConnection->simpleQuery('INSERT INTO `tb...')
#3 C:\xampp\htdocs\perpus_new\system\Database\BaseBuilder.php(2307): CodeIgniter\Database\BaseConnection->query('INSERT INTO `tb...', Array, false)
#4 C:\xampp\htdocs\perpus_new\app\Models\ModelKategoriBuku.php(15): CodeIgniter\Database\BaseBuilder->insert(Array)
#5 C:\xampp\htdocs\perpus_new\app\Controllers\Admin.php(359): App\Models\ModelKategoriBuku->tambah_kategori_buku(Array)
#6 C:\xampp\htdocs\perpus_new\system\CodeIgniter.php(941): App\Controllers\Admin->proses_tambah_kategori_buku()
#7 C:\xampp\htdocs\perpus_new\system\CodeIgniter.php(502): CodeIgniter\CodeIgniter->runController(Object(App\Controllers\Admin))
#8 C:\xampp\htdocs\perpus_new\system\CodeIgniter.php(361): CodeIgniter\CodeIgniter->handleRequest(NULL, Object(Config\Cache), false)
#9 C:\xampp\htdocs\perpus_new\public\index.php(79): CodeIgniter\CodeIgniter->run()
#10 {main}
CRITICAL - 2024-02-28 07:06:39 --> CodeIgniter\Database\Exceptions\DatabaseException: Column 'id_kategori_buku' cannot be null
in SYSTEMPATH\Database\BaseConnection.php on line 647.
 1 SYSTEMPATH\Database\BaseBuilder.php(2307): CodeIgniter\Database\BaseConnection->query('INSERT INTO `tb_kategori_buku` (`nama_kategori_buku`, `id_kategori_buku`) VALUES (:nama_kategori_buku:, :id_kategori_buku :)', [...], false)
 2 APPPATH\Models\ModelKategoriBuku.php(15): CodeIgniter\Database\BaseBuilder->insert([...])
 3 APPPATH\Controllers\Admin.php(359): App\Models\ModelKategoriBuku->tambah_kategori_buku([...])
 4 SYSTEMPATH\CodeIgniter.php(941): App\Controllers\Admin->proses_tambah_kategori_buku()
 5 SYSTEMPATH\CodeIgniter.php(502): CodeIgniter\CodeIgniter->runController(Object(App\Controllers\Admin))
 6 SYSTEMPATH\CodeIgniter.php(361): CodeIgniter\CodeIgniter->handleRequest(null, Object(Config\Cache), false)
 7 FCPATH\index.php(79): CodeIgniter\CodeIgniter->run()
CRITICAL - 2024-02-28 07:06:39 --> [Caused by] CodeIgniter\Database\Exceptions\DatabaseException: Column 'id_kategori_buku' cannot be null
in SYSTEMPATH\Database\MySQLi\Connection.php on line 311.
 1 SYSTEMPATH\Database\BaseConnection.php(693): CodeIgniter\Database\MySQLi\Connection->execute('INSERT INTO `tb_kategori_buku` (`nama_kategori_buku`, `id_kategori_buku`) VALUES (\'Romance\', NULL)')
 2 SYSTEMPATH\Database\BaseConnection.php(607): CodeIgniter\Database\BaseConnection->simpleQuery('INSERT INTO `tb_kategori_buku` (`nama_kategori_buku`, `id_kategori_buku`) VALUES (\'Romance\', NULL)')
 3 SYSTEMPATH\Database\BaseBuilder.php(2307): CodeIgniter\Database\BaseConnection->query('INSERT INTO `tb_kategori_buku` (`nama_kategori_buku`, `id_kategori_buku`) VALUES (:nama_kategori_buku:, :id_kategori_buku :)', [...], false)
 4 APPPATH\Models\ModelKategoriBuku.php(15): CodeIgniter\Database\BaseBuilder->insert([...])
 5 APPPATH\Controllers\Admin.php(359): App\Models\ModelKategoriBuku->tambah_kategori_buku([...])
 6 SYSTEMPATH\CodeIgniter.php(941): App\Controllers\Admin->proses_tambah_kategori_buku()
 7 SYSTEMPATH\CodeIgniter.php(502): CodeIgniter\CodeIgniter->runController(Object(App\Controllers\Admin))
 8 SYSTEMPATH\CodeIgniter.php(361): CodeIgniter\CodeIgniter->handleRequest(null, Object(Config\Cache), false)
 9 FCPATH\index.php(79): CodeIgniter\CodeIgniter->run()
CRITICAL - 2024-02-28 07:06:39 --> [Caused by] mysqli_sql_exception: Column 'id_kategori_buku' cannot be null
in SYSTEMPATH\Database\MySQLi\Connection.php on line 306.
 1 SYSTEMPATH\Database\MySQLi\Connection.php(306): mysqli->query('INSERT INTO `tb_kategori_buku` (`nama_kategori_buku`, `id_kategori_buku`) VALUES (\'Romance\', NULL)', 0)
 2 SYSTEMPATH\Database\BaseConnection.php(693): CodeIgniter\Database\MySQLi\Connection->execute('INSERT INTO `tb_kategori_buku` (`nama_kategori_buku`, `id_kategori_buku`) VALUES (\'Romance\', NULL)')
 3 SYSTEMPATH\Database\BaseConnection.php(607): CodeIgniter\Database\BaseConnection->simpleQuery('INSERT INTO `tb_kategori_buku` (`nama_kategori_buku`, `id_kategori_buku`) VALUES (\'Romance\', NULL)')
 4 SYSTEMPATH\Database\BaseBuilder.php(2307): CodeIgniter\Database\BaseConnection->query('INSERT INTO `tb_kategori_buku` (`nama_kategori_buku`, `id_kategori_buku`) VALUES (:nama_kategori_buku:, :id_kategori_buku :)', [...], false)
 5 APPPATH\Models\ModelKategoriBuku.php(15): CodeIgniter\Database\BaseBuilder->insert([...])
 6 APPPATH\Controllers\Admin.php(359): App\Models\ModelKategoriBuku->tambah_kategori_buku([...])
 7 SYSTEMPATH\CodeIgniter.php(941): App\Controllers\Admin->proses_tambah_kategori_buku()
 8 SYSTEMPATH\CodeIgniter.php(502): CodeIgniter\CodeIgniter->runController(Object(App\Controllers\Admin))
 9 SYSTEMPATH\CodeIgniter.php(361): CodeIgniter\CodeIgniter->handleRequest(null, Object(Config\Cache), false)
10 FCPATH\index.php(79): CodeIgniter\CodeIgniter->run()
INFO - 2024-02-28 07:06:53 --> Session: Class initialized using 'CodeIgniter\Session\Handlers\FileHandler' driver.
INFO - 2024-02-28 07:06:53 --> Session: Class initialized using 'CodeIgniter\Session\Handlers\FileHandler' driver.
INFO - 2024-02-28 07:07:16 --> Session: Class initialized using 'CodeIgniter\Session\Handlers\FileHandler' driver.
INFO - 2024-02-28 07:07:17 --> Session: Class initialized using 'CodeIgniter\Session\Handlers\FileHandler' driver.
INFO - 2024-02-28 07:09:24 --> Session: Class initialized using 'CodeIgniter\Session\Handlers\FileHandler' driver.
INFO - 2024-02-28 07:09:27 --> Session: Class initialized using 'CodeIgniter\Session\Handlers\FileHandler' driver.
INFO - 2024-02-28 07:09:27 --> Session: Class initialized using 'CodeIgniter\Session\Handlers\FileHandler' driver.
INFO - 2024-02-28 07:09:37 --> Session: Class initialized using 'CodeIgniter\Session\Handlers\FileHandler' driver.
ERROR - 2024-02-28 07:10:05 --> mysqli_sql_exception: You have an error in your SQL syntax; check the manual that corresponds to your MariaDB server version for the right syntax to use near ' `id_kategori_buku`, `penulis`, `penerbit`, `tahun_terbit`, `stok`, `sinopsis...' at line 1 in C:\xampp\htdocs\perpus_new\system\Database\MySQLi\Connection.php:306
Stack trace:
#0 C:\xampp\htdocs\perpus_new\system\Database\MySQLi\Connection.php(306): mysqli->query('INSERT INTO `tb...', 0)
#1 C:\xampp\htdocs\perpus_new\system\Database\BaseConnection.php(693): CodeIgniter\Database\MySQLi\Connection->execute('INSERT INTO `tb...')
#2 C:\xampp\htdocs\perpus_new\system\Database\BaseConnection.php(607): CodeIgniter\Database\BaseConnection->simpleQuery('INSERT INTO `tb...')
#3 C:\xampp\htdocs\perpus_new\system\Database\BaseBuilder.php(2307): CodeIgniter\Database\BaseConnection->query('INSERT INTO `tb...', Array, false)
#4 C:\xampp\htdocs\perpus_new\app\Models\ModelBuku.php(16): CodeIgniter\Database\BaseBuilder->insert(Array)
#5 C:\xampp\htdocs\perpus_new\app\Controllers\Admin.php(449): App\Models\ModelBuku->tambah_buku(Array)
#6 C:\xampp\htdocs\perpus_new\system\CodeIgniter.php(941): App\Controllers\Admin->proses_tambah_buku()
#7 C:\xampp\htdocs\perpus_new\system\CodeIgniter.php(502): CodeIgniter\CodeIgniter->runController(Object(App\Controllers\Admin))
#8 C:\xampp\htdocs\perpus_new\system\CodeIgniter.php(361): CodeIgniter\CodeIgniter->handleRequest(NULL, Object(Config\Cache), false)
#9 C:\xampp\htdocs\perpus_new\public\index.php(79): CodeIgniter\CodeIgniter->run()
#10 {main}
CRITICAL - 2024-02-28 07:10:05 --> CodeIgniter\Database\Exceptions\DatabaseException: You have an error in your SQL syntax; check the manual that corresponds to your MariaDB server version for the right syntax to use near ' `id_kategori_buku`, `penulis`, `penerbit`, `tahun_terbit`, `stok`, `sinopsis...' at line 1
in SYSTEMPATH\Database\BaseConnection.php on line 647.
 1 SYSTEMPATH\Database\BaseBuilder.php(2307): CodeIgniter\Database\BaseConnection->query('INSERT INTO `tb_buku` (`judul`, `id_buku`., `id_kategori_buku`, `penulis`, `penerbit`, `tahun_terbit`, `stok`, `sinopsis`, `sampul_buku`) VALUES (:judul:, :id_buku.:, :id_kategori_buku:, :penulis:, :penerbit:, :tahun_terbit:, :stok:, :sinopsis:, :sampul_buku:)', [...], false)
 2 APPPATH\Models\ModelBuku.php(16): CodeIgniter\Database\BaseBuilder->insert([...])
 3 APPPATH\Controllers\Admin.php(449): App\Models\ModelBuku->tambah_buku([...])
 4 SYSTEMPATH\CodeIgniter.php(941): App\Controllers\Admin->proses_tambah_buku()
 5 SYSTEMPATH\CodeIgniter.php(502): CodeIgniter\CodeIgniter->runController(Object(App\Controllers\Admin))
 6 SYSTEMPATH\CodeIgniter.php(361): CodeIgniter\CodeIgniter->handleRequest(null, Object(Config\Cache), false)
 7 FCPATH\index.php(79): CodeIgniter\CodeIgniter->run()
CRITICAL - 2024-02-28 07:10:05 --> [Caused by] CodeIgniter\Database\Exceptions\DatabaseException: You have an error in your SQL syntax; check the manual that corresponds to your MariaDB server version for the right syntax to use near ' `id_kategori_buku`, `penulis`, `penerbit`, `tahun_terbit`, `stok`, `sinopsis...' at line 1
in SYSTEMPATH\Database\MySQLi\Connection.php on line 311.
 1 SYSTEMPATH\Database\BaseConnection.php(693): CodeIgniter\Database\MySQLi\Connection->execute('INSERT INTO `tb_buku` (`judul`, `id_buku`., `id_kategori_buku`, `penulis`, `penerbit`, `tahun_terbit`, `stok`, `sinopsis`, `sampul_buku`) VALUES (\'Babi Ngesot2\', \'KB-001\', \'KK-001\', \'Raihan\', \'Raditya Dika\', \'1\', \'2\', \'Novel Babi Ngesot menceritakan tentang perjalanan hidup Raditya Dika yang yang lucu-lucu. Salah satu bagian ceritanya yang berjudul Asal Jangan Jadi Perkedel. Bagian cerita tersebut menceritakan tentang keseharian Raditya Dika saat ia mulai memasuki bangku SMA itu di SMA 70 Bulungan mulai dari saat awal Raditya memilih sekolah itu.\', \'Babi Ngesot2_1709104205.png\')')
 2 SYSTEMPATH\Database\BaseConnection.php(607): CodeIgniter\Database\BaseConnection->simpleQuery('INSERT INTO `tb_buku` (`judul`, `id_buku`., `id_kategori_buku`, `penulis`, `penerbit`, `tahun_terbit`, `stok`, `sinopsis`, `sampul_buku`) VALUES (\'Babi Ngesot2\', \'KB-001\', \'KK-001\', \'Raihan\', \'Raditya Dika\', \'1\', \'2\', \'Novel Babi Ngesot menceritakan tentang perjalanan hidup Raditya Dika yang yang lucu-lucu. Salah satu bagian ceritanya yang berjudul Asal Jangan Jadi Perkedel. Bagian cerita tersebut menceritakan tentang keseharian Raditya Dika saat ia mulai memasuki bangku SMA itu di SMA 70 Bulungan mulai dari saat awal Raditya memilih sekolah itu.\', \'Babi Ngesot2_1709104205.png\')')
 3 SYSTEMPATH\Database\BaseBuilder.php(2307): CodeIgniter\Database\BaseConnection->query('INSERT INTO `tb_buku` (`judul`, `id_buku`., `id_kategori_buku`, `penulis`, `penerbit`, `tahun_terbit`, `stok`, `sinopsis`, `sampul_buku`) VALUES (:judul:, :id_buku.:, :id_kategori_buku:, :penulis:, :penerbit:, :tahun_terbit:, :stok:, :sinopsis:, :sampul_buku:)', [...], false)
 4 APPPATH\Models\ModelBuku.php(16): CodeIgniter\Database\BaseBuilder->insert([...])
 5 APPPATH\Controllers\Admin.php(449): App\Models\ModelBuku->tambah_buku([...])
 6 SYSTEMPATH\CodeIgniter.php(941): App\Controllers\Admin->proses_tambah_buku()
 7 SYSTEMPATH\CodeIgniter.php(502): CodeIgniter\CodeIgniter->runController(Object(App\Controllers\Admin))
 8 SYSTEMPATH\CodeIgniter.php(361): CodeIgniter\CodeIgniter->handleRequest(null, Object(Config\Cache), false)
 9 FCPATH\index.php(79): CodeIgniter\CodeIgniter->run()
CRITICAL - 2024-02-28 07:10:05 --> [Caused by] mysqli_sql_exception: You have an error in your SQL syntax; check the manual that corresponds to your MariaDB server version for the right syntax to use near ' `id_kategori_buku`, `penulis`, `penerbit`, `tahun_terbit`, `stok`, `sinopsis...' at line 1
in SYSTEMPATH\Database\MySQLi\Connection.php on line 306.
 1 SYSTEMPATH\Database\MySQLi\Connection.php(306): mysqli->query('INSERT INTO `tb_buku` (`judul`, `id_buku`., `id_kategori_buku`, `penulis`, `penerbit`, `tahun_terbit`, `stok`, `sinopsis`, `sampul_buku`) VALUES (\'Babi Ngesot2\', \'KB-001\', \'KK-001\', \'Raihan\', \'Raditya Dika\', \'1\', \'2\', \'Novel Babi Ngesot menceritakan tentang perjalanan hidup Raditya Dika yang yang lucu-lucu. Salah satu bagian ceritanya yang berjudul Asal Jangan Jadi Perkedel. Bagian cerita tersebut menceritakan tentang keseharian Raditya Dika saat ia mulai memasuki bangku SMA itu di SMA 70 Bulungan mulai dari saat awal Raditya memilih sekolah itu.\', \'Babi Ngesot2_1709104205.png\')', 0)
 2 SYSTEMPATH\Database\BaseConnection.php(693): CodeIgniter\Database\MySQLi\Connection->execute('INSERT INTO `tb_buku` (`judul`, `id_buku`., `id_kategori_buku`, `penulis`, `penerbit`, `tahun_terbit`, `stok`, `sinopsis`, `sampul_buku`) VALUES (\'Babi Ngesot2\', \'KB-001\', \'KK-001\', \'Raihan\', \'Raditya Dika\', \'1\', \'2\', \'Novel Babi Ngesot menceritakan tentang perjalanan hidup Raditya Dika yang yang lucu-lucu. Salah satu bagian ceritanya yang berjudul Asal Jangan Jadi Perkedel. Bagian cerita tersebut menceritakan tentang keseharian Raditya Dika saat ia mulai memasuki bangku SMA itu di SMA 70 Bulungan mulai dari saat awal Raditya memilih sekolah itu.\', \'Babi Ngesot2_1709104205.png\')')
 3 SYSTEMPATH\Database\BaseConnection.php(607): CodeIgniter\Database\BaseConnection->simpleQuery('INSERT INTO `tb_buku` (`judul`, `id_buku`., `id_kategori_buku`, `penulis`, `penerbit`, `tahun_terbit`, `stok`, `sinopsis`, `sampul_buku`) VALUES (\'Babi Ngesot2\', \'KB-001\', \'KK-001\', \'Raihan\', \'Raditya Dika\', \'1\', \'2\', \'Novel Babi Ngesot menceritakan tentang perjalanan hidup Raditya Dika yang yang lucu-lucu. Salah satu bagian ceritanya yang berjudul Asal Jangan Jadi Perkedel. Bagian cerita tersebut menceritakan tentang keseharian Raditya Dika saat ia mulai memasuki bangku SMA itu di SMA 70 Bulungan mulai dari saat awal Raditya memilih sekolah itu.\', \'Babi Ngesot2_1709104205.png\')')
 4 SYSTEMPATH\Database\BaseBuilder.php(2307): CodeIgniter\Database\BaseConnection->query('INSERT INTO `tb_buku` (`judul`, `id_buku`., `id_kategori_buku`, `penulis`, `penerbit`, `tahun_terbit`, `stok`, `sinopsis`, `sampul_buku`) VALUES (:judul:, :id_buku.:, :id_kategori_buku:, :penulis:, :penerbit:, :tahun_terbit:, :stok:, :sinopsis:, :sampul_buku:)', [...], false)
 5 APPPATH\Models\ModelBuku.php(16): CodeIgniter\Database\BaseBuilder->insert([...])
 6 APPPATH\Controllers\Admin.php(449): App\Models\ModelBuku->tambah_buku([...])
 7 SYSTEMPATH\CodeIgniter.php(941): App\Controllers\Admin->proses_tambah_buku()
 8 SYSTEMPATH\CodeIgniter.php(502): CodeIgniter\CodeIgniter->runController(Object(App\Controllers\Admin))
 9 SYSTEMPATH\CodeIgniter.php(361): CodeIgniter\CodeIgniter->handleRequest(null, Object(Config\Cache), false)
10 FCPATH\index.php(79): CodeIgniter\CodeIgniter->run()
INFO - 2024-02-28 07:10:53 --> Session: Class initialized using 'CodeIgniter\Session\Handlers\FileHandler' driver.
INFO - 2024-02-28 07:11:01 --> Session: Class initialized using 'CodeIgniter\Session\Handlers\FileHandler' driver.
ERROR - 2024-02-28 07:11:34 --> mysqli_sql_exception: You have an error in your SQL syntax; check the manual that corresponds to your MariaDB server version for the right syntax to use near ' `id_kategori_buku`, `penulis`, `penerbit`, `tahun_terbit`, `stok`, `sinopsis...' at line 1 in C:\xampp\htdocs\perpus_new\system\Database\MySQLi\Connection.php:306
Stack trace:
#0 C:\xampp\htdocs\perpus_new\system\Database\MySQLi\Connection.php(306): mysqli->query('INSERT INTO `tb...', 0)
#1 C:\xampp\htdocs\perpus_new\system\Database\BaseConnection.php(693): CodeIgniter\Database\MySQLi\Connection->execute('INSERT INTO `tb...')
#2 C:\xampp\htdocs\perpus_new\system\Database\BaseConnection.php(607): CodeIgniter\Database\BaseConnection->simpleQuery('INSERT INTO `tb...')
#3 C:\xampp\htdocs\perpus_new\system\Database\BaseBuilder.php(2307): CodeIgniter\Database\BaseConnection->query('INSERT INTO `tb...', Array, false)
#4 C:\xampp\htdocs\perpus_new\app\Models\ModelBuku.php(16): CodeIgniter\Database\BaseBuilder->insert(Array)
#5 C:\xampp\htdocs\perpus_new\app\Controllers\Admin.php(449): App\Models\ModelBuku->tambah_buku(Array)
#6 C:\xampp\htdocs\perpus_new\system\CodeIgniter.php(941): App\Controllers\Admin->proses_tambah_buku()
#7 C:\xampp\htdocs\perpus_new\system\CodeIgniter.php(502): CodeIgniter\CodeIgniter->runController(Object(App\Controllers\Admin))
#8 C:\xampp\htdocs\perpus_new\system\CodeIgniter.php(361): CodeIgniter\CodeIgniter->handleRequest(NULL, Object(Config\Cache), false)
#9 C:\xampp\htdocs\perpus_new\public\index.php(79): CodeIgniter\CodeIgniter->run()
#10 {main}
CRITICAL - 2024-02-28 07:11:34 --> CodeIgniter\Database\Exceptions\DatabaseException: You have an error in your SQL syntax; check the manual that corresponds to your MariaDB server version for the right syntax to use near ' `id_kategori_buku`, `penulis`, `penerbit`, `tahun_terbit`, `stok`, `sinopsis...' at line 1
in SYSTEMPATH\Database\BaseConnection.php on line 647.
 1 SYSTEMPATH\Database\BaseBuilder.php(2307): CodeIgniter\Database\BaseConnection->query('INSERT INTO `tb_buku` (`judul`, `id_buku`., `id_kategori_buku`, `penulis`, `penerbit`, `tahun_terbit`, `stok`, `sinopsis`, `sampul_buku`) VALUES (:judul:, :id_buku.:, :id_kategori_buku:, :penulis:, :penerbit:, :tahun_terbit:, :stok:, :sinopsis:, :sampul_buku:)', [...], false)
 2 APPPATH\Models\ModelBuku.php(16): CodeIgniter\Database\BaseBuilder->insert([...])
 3 APPPATH\Controllers\Admin.php(449): App\Models\ModelBuku->tambah_buku([...])
 4 SYSTEMPATH\CodeIgniter.php(941): App\Controllers\Admin->proses_tambah_buku()
 5 SYSTEMPATH\CodeIgniter.php(502): CodeIgniter\CodeIgniter->runController(Object(App\Controllers\Admin))
 6 SYSTEMPATH\CodeIgniter.php(361): CodeIgniter\CodeIgniter->handleRequest(null, Object(Config\Cache), false)
 7 FCPATH\index.php(79): CodeIgniter\CodeIgniter->run()
CRITICAL - 2024-02-28 07:11:34 --> [Caused by] CodeIgniter\Database\Exceptions\DatabaseException: You have an error in your SQL syntax; check the manual that corresponds to your MariaDB server version for the right syntax to use near ' `id_kategori_buku`, `penulis`, `penerbit`, `tahun_terbit`, `stok`, `sinopsis...' at line 1
in SYSTEMPATH\Database\MySQLi\Connection.php on line 311.
 1 SYSTEMPATH\Database\BaseConnection.php(693): CodeIgniter\Database\MySQLi\Connection->execute('INSERT INTO `tb_buku` (`judul`, `id_buku`., `id_kategori_buku`, `penulis`, `penerbit`, `tahun_terbit`, `stok`, `sinopsis`, `sampul_buku`) VALUES (\'Babi Ngesot2\', \'KB-001\', \'KK-001\', \'Raditya Dika\', \'Bukunee\', \'2023\', \'3\', \'Novel Babi Ngesot menceritakan tentang perjalanan hidup Raditya Dika yang yang lucu-lucu. Salah satu bagian ceritanya yang berjudul Asal Jangan Jadi Perkedel. Bagian cerita tersebut menceritakan tentang keseharian Raditya Dika saat ia mulai memasuki bangku SMA itu di SMA 70 Bulungan mulai dari saat awal Raditya memilih sekolah itu.\', \'Babi Ngesot2_1709104294.png\')')
 2 SYSTEMPATH\Database\BaseConnection.php(607): CodeIgniter\Database\BaseConnection->simpleQuery('INSERT INTO `tb_buku` (`judul`, `id_buku`., `id_kategori_buku`, `penulis`, `penerbit`, `tahun_terbit`, `stok`, `sinopsis`, `sampul_buku`) VALUES (\'Babi Ngesot2\', \'KB-001\', \'KK-001\', \'Raditya Dika\', \'Bukunee\', \'2023\', \'3\', \'Novel Babi Ngesot menceritakan tentang perjalanan hidup Raditya Dika yang yang lucu-lucu. Salah satu bagian ceritanya yang berjudul Asal Jangan Jadi Perkedel. Bagian cerita tersebut menceritakan tentang keseharian Raditya Dika saat ia mulai memasuki bangku SMA itu di SMA 70 Bulungan mulai dari saat awal Raditya memilih sekolah itu.\', \'Babi Ngesot2_1709104294.png\')')
 3 SYSTEMPATH\Database\BaseBuilder.php(2307): CodeIgniter\Database\BaseConnection->query('INSERT INTO `tb_buku` (`judul`, `id_buku`., `id_kategori_buku`, `penulis`, `penerbit`, `tahun_terbit`, `stok`, `sinopsis`, `sampul_buku`) VALUES (:judul:, :id_buku.:, :id_kategori_buku:, :penulis:, :penerbit:, :tahun_terbit:, :stok:, :sinopsis:, :sampul_buku:)', [...], false)
 4 APPPATH\Models\ModelBuku.php(16): CodeIgniter\Database\BaseBuilder->insert([...])
 5 APPPATH\Controllers\Admin.php(449): App\Models\ModelBuku->tambah_buku([...])
 6 SYSTEMPATH\CodeIgniter.php(941): App\Controllers\Admin->proses_tambah_buku()
 7 SYSTEMPATH\CodeIgniter.php(502): CodeIgniter\CodeIgniter->runController(Object(App\Controllers\Admin))
 8 SYSTEMPATH\CodeIgniter.php(361): CodeIgniter\CodeIgniter->handleRequest(null, Object(Config\Cache), false)
 9 FCPATH\index.php(79): CodeIgniter\CodeIgniter->run()
CRITICAL - 2024-02-28 07:11:34 --> [Caused by] mysqli_sql_exception: You have an error in your SQL syntax; check the manual that corresponds to your MariaDB server version for the right syntax to use near ' `id_kategori_buku`, `penulis`, `penerbit`, `tahun_terbit`, `stok`, `sinopsis...' at line 1
in SYSTEMPATH\Database\MySQLi\Connection.php on line 306.
 1 SYSTEMPATH\Database\MySQLi\Connection.php(306): mysqli->query('INSERT INTO `tb_buku` (`judul`, `id_buku`., `id_kategori_buku`, `penulis`, `penerbit`, `tahun_terbit`, `stok`, `sinopsis`, `sampul_buku`) VALUES (\'Babi Ngesot2\', \'KB-001\', \'KK-001\', \'Raditya Dika\', \'Bukunee\', \'2023\', \'3\', \'Novel Babi Ngesot menceritakan tentang perjalanan hidup Raditya Dika yang yang lucu-lucu. Salah satu bagian ceritanya yang berjudul Asal Jangan Jadi Perkedel. Bagian cerita tersebut menceritakan tentang keseharian Raditya Dika saat ia mulai memasuki bangku SMA itu di SMA 70 Bulungan mulai dari saat awal Raditya memilih sekolah itu.\', \'Babi Ngesot2_1709104294.png\')', 0)
 2 SYSTEMPATH\Database\BaseConnection.php(693): CodeIgniter\Database\MySQLi\Connection->execute('INSERT INTO `tb_buku` (`judul`, `id_buku`., `id_kategori_buku`, `penulis`, `penerbit`, `tahun_terbit`, `stok`, `sinopsis`, `sampul_buku`) VALUES (\'Babi Ngesot2\', \'KB-001\', \'KK-001\', \'Raditya Dika\', \'Bukunee\', \'2023\', \'3\', \'Novel Babi Ngesot menceritakan tentang perjalanan hidup Raditya Dika yang yang lucu-lucu. Salah satu bagian ceritanya yang berjudul Asal Jangan Jadi Perkedel. Bagian cerita tersebut menceritakan tentang keseharian Raditya Dika saat ia mulai memasuki bangku SMA itu di SMA 70 Bulungan mulai dari saat awal Raditya memilih sekolah itu.\', \'Babi Ngesot2_1709104294.png\')')
 3 SYSTEMPATH\Database\BaseConnection.php(607): CodeIgniter\Database\BaseConnection->simpleQuery('INSERT INTO `tb_buku` (`judul`, `id_buku`., `id_kategori_buku`, `penulis`, `penerbit`, `tahun_terbit`, `stok`, `sinopsis`, `sampul_buku`) VALUES (\'Babi Ngesot2\', \'KB-001\', \'KK-001\', \'Raditya Dika\', \'Bukunee\', \'2023\', \'3\', \'Novel Babi Ngesot menceritakan tentang perjalanan hidup Raditya Dika yang yang lucu-lucu. Salah satu bagian ceritanya yang berjudul Asal Jangan Jadi Perkedel. Bagian cerita tersebut menceritakan tentang keseharian Raditya Dika saat ia mulai memasuki bangku SMA itu di SMA 70 Bulungan mulai dari saat awal Raditya memilih sekolah itu.\', \'Babi Ngesot2_1709104294.png\')')
 4 SYSTEMPATH\Database\BaseBuilder.php(2307): CodeIgniter\Database\BaseConnection->query('INSERT INTO `tb_buku` (`judul`, `id_buku`., `id_kategori_buku`, `penulis`, `penerbit`, `tahun_terbit`, `stok`, `sinopsis`, `sampul_buku`) VALUES (:judul:, :id_buku.:, :id_kategori_buku:, :penulis:, :penerbit:, :tahun_terbit:, :stok:, :sinopsis:, :sampul_buku:)', [...], false)
 5 APPPATH\Models\ModelBuku.php(16): CodeIgniter\Database\BaseBuilder->insert([...])
 6 APPPATH\Controllers\Admin.php(449): App\Models\ModelBuku->tambah_buku([...])
 7 SYSTEMPATH\CodeIgniter.php(941): App\Controllers\Admin->proses_tambah_buku()
 8 SYSTEMPATH\CodeIgniter.php(502): CodeIgniter\CodeIgniter->runController(Object(App\Controllers\Admin))
 9 SYSTEMPATH\CodeIgniter.php(361): CodeIgniter\CodeIgniter->handleRequest(null, Object(Config\Cache), false)
10 FCPATH\index.php(79): CodeIgniter\CodeIgniter->run()
CRITICAL - 2024-02-28 07:12:35 --> ErrorException: Undefined variable: buku
in APPPATH\Controllers\Admin.php on line 448.
 1 APPPATH\Controllers\Admin.php(448): CodeIgniter\Debug\Exceptions->errorHandler(8, 'Undefined variable: buku', 'C:\\xampp\\htdocs\\perpus_new\\app\\Controllers\\Admin.php', 448, [...])
 2 SYSTEMPATH\CodeIgniter.php(941): App\Controllers\Admin->proses_tambah_buku()
 3 SYSTEMPATH\CodeIgniter.php(502): CodeIgniter\CodeIgniter->runController(Object(App\Controllers\Admin))
 4 SYSTEMPATH\CodeIgniter.php(361): CodeIgniter\CodeIgniter->handleRequest(null, Object(Config\Cache), false)
 5 FCPATH\index.php(79): CodeIgniter\CodeIgniter->run()
ERROR - 2024-02-28 07:15:54 --> mysqli_sql_exception: You have an error in your SQL syntax; check the manual that corresponds to your MariaDB server version for the right syntax to use near ' `id_kategori_buku`, `penulis`, `penerbit`, `tahun_terbit`, `stok`, `sinopsis...' at line 1 in C:\xampp\htdocs\perpus_new\system\Database\MySQLi\Connection.php:306
Stack trace:
#0 C:\xampp\htdocs\perpus_new\system\Database\MySQLi\Connection.php(306): mysqli->query('INSERT INTO `tb...', 0)
#1 C:\xampp\htdocs\perpus_new\system\Database\BaseConnection.php(693): CodeIgniter\Database\MySQLi\Connection->execute('INSERT INTO `tb...')
#2 C:\xampp\htdocs\perpus_new\system\Database\BaseConnection.php(607): CodeIgniter\Database\BaseConnection->simpleQuery('INSERT INTO `tb...')
#3 C:\xampp\htdocs\perpus_new\system\Database\BaseBuilder.php(2307): CodeIgniter\Database\BaseConnection->query('INSERT INTO `tb...', Array, false)
#4 C:\xampp\htdocs\perpus_new\app\Models\ModelBuku.php(16): CodeIgniter\Database\BaseBuilder->insert(Array)
#5 C:\xampp\htdocs\perpus_new\app\Controllers\Admin.php(450): App\Models\ModelBuku->tambah_buku(Array)
#6 C:\xampp\htdocs\perpus_new\system\CodeIgniter.php(941): App\Controllers\Admin->proses_tambah_buku()
#7 C:\xampp\htdocs\perpus_new\system\CodeIgniter.php(502): CodeIgniter\CodeIgniter->runController(Object(App\Controllers\Admin))
#8 C:\xampp\htdocs\perpus_new\system\CodeIgniter.php(361): CodeIgniter\CodeIgniter->handleRequest(NULL, Object(Config\Cache), false)
#9 C:\xampp\htdocs\perpus_new\public\index.php(79): CodeIgniter\CodeIgniter->run()
#10 {main}
CRITICAL - 2024-02-28 07:15:54 --> CodeIgniter\Database\Exceptions\DatabaseException: You have an error in your SQL syntax; check the manual that corresponds to your MariaDB server version for the right syntax to use near ' `id_kategori_buku`, `penulis`, `penerbit`, `tahun_terbit`, `stok`, `sinopsis...' at line 1
in SYSTEMPATH\Database\BaseConnection.php on line 647.
 1 SYSTEMPATH\Database\BaseBuilder.php(2307): CodeIgniter\Database\BaseConnection->query('INSERT INTO `tb_buku` (`judul`, `id_buku`., `id_kategori_buku`, `penulis`, `penerbit`, `tahun_terbit`, `stok`, `sinopsis`, `sampul_buku`) VALUES (:judul:, :id_buku.:, :id_kategori_buku:, :penulis:, :penerbit:, :tahun_terbit:, :stok:, :sinopsis:, :sampul_buku:)', [...], false)
 2 APPPATH\Models\ModelBuku.php(16): CodeIgniter\Database\BaseBuilder->insert([...])
 3 APPPATH\Controllers\Admin.php(450): App\Models\ModelBuku->tambah_buku([...])
 4 SYSTEMPATH\CodeIgniter.php(941): App\Controllers\Admin->proses_tambah_buku()
 5 SYSTEMPATH\CodeIgniter.php(502): CodeIgniter\CodeIgniter->runController(Object(App\Controllers\Admin))
 6 SYSTEMPATH\CodeIgniter.php(361): CodeIgniter\CodeIgniter->handleRequest(null, Object(Config\Cache), false)
 7 FCPATH\index.php(79): CodeIgniter\CodeIgniter->run()
CRITICAL - 2024-02-28 07:15:54 --> [Caused by] CodeIgniter\Database\Exceptions\DatabaseException: You have an error in your SQL syntax; check the manual that corresponds to your MariaDB server version for the right syntax to use near ' `id_kategori_buku`, `penulis`, `penerbit`, `tahun_terbit`, `stok`, `sinopsis...' at line 1
in SYSTEMPATH\Database\MySQLi\Connection.php on line 311.
 1 SYSTEMPATH\Database\BaseConnection.php(693): CodeIgniter\Database\MySQLi\Connection->execute('INSERT INTO `tb_buku` (`judul`, `id_buku`., `id_kategori_buku`, `penulis`, `penerbit`, `tahun_terbit`, `stok`, `sinopsis`, `sampul_buku`) VALUES (\'Babi Ngesot2\', \'KB-001\', \'KK-001\', \'Raditya Dika\', \'Bukunee\', \'2023\', \'3\', \'Novel Babi Ngesot menceritakan tentang perjalanan hidup Raditya Dika yang yang lucu-lucu. Salah satu bagian ceritanya yang berjudul Asal Jangan Jadi Perkedel. Bagian cerita tersebut menceritakan tentang keseharian Raditya Dika saat ia mulai memasuki bangku SMA itu di SMA 70 Bulungan mulai dari saat awal Raditya memilih sekolah itu.\', \'Babi Ngesot2_1709104554.png\')')
 2 SYSTEMPATH\Database\BaseConnection.php(607): CodeIgniter\Database\BaseConnection->simpleQuery('INSERT INTO `tb_buku` (`judul`, `id_buku`., `id_kategori_buku`, `penulis`, `penerbit`, `tahun_terbit`, `stok`, `sinopsis`, `sampul_buku`) VALUES (\'Babi Ngesot2\', \'KB-001\', \'KK-001\', \'Raditya Dika\', \'Bukunee\', \'2023\', \'3\', \'Novel Babi Ngesot menceritakan tentang perjalanan hidup Raditya Dika yang yang lucu-lucu. Salah satu bagian ceritanya yang berjudul Asal Jangan Jadi Perkedel. Bagian cerita tersebut menceritakan tentang keseharian Raditya Dika saat ia mulai memasuki bangku SMA itu di SMA 70 Bulungan mulai dari saat awal Raditya memilih sekolah itu.\', \'Babi Ngesot2_1709104554.png\')')
 3 SYSTEMPATH\Database\BaseBuilder.php(2307): CodeIgniter\Database\BaseConnection->query('INSERT INTO `tb_buku` (`judul`, `id_buku`., `id_kategori_buku`, `penulis`, `penerbit`, `tahun_terbit`, `stok`, `sinopsis`, `sampul_buku`) VALUES (:judul:, :id_buku.:, :id_kategori_buku:, :penulis:, :penerbit:, :tahun_terbit:, :stok:, :sinopsis:, :sampul_buku:)', [...], false)
 4 APPPATH\Models\ModelBuku.php(16): CodeIgniter\Database\BaseBuilder->insert([...])
 5 APPPATH\Controllers\Admin.php(450): App\Models\ModelBuku->tambah_buku([...])
 6 SYSTEMPATH\CodeIgniter.php(941): App\Controllers\Admin->proses_tambah_buku()
 7 SYSTEMPATH\CodeIgniter.php(502): CodeIgniter\CodeIgniter->runController(Object(App\Controllers\Admin))
 8 SYSTEMPATH\CodeIgniter.php(361): CodeIgniter\CodeIgniter->handleRequest(null, Object(Config\Cache), false)
 9 FCPATH\index.php(79): CodeIgniter\CodeIgniter->run()
CRITICAL - 2024-02-28 07:15:54 --> [Caused by] mysqli_sql_exception: You have an error in your SQL syntax; check the manual that corresponds to your MariaDB server version for the right syntax to use near ' `id_kategori_buku`, `penulis`, `penerbit`, `tahun_terbit`, `stok`, `sinopsis...' at line 1
in SYSTEMPATH\Database\MySQLi\Connection.php on line 306.
 1 SYSTEMPATH\Database\MySQLi\Connection.php(306): mysqli->query('INSERT INTO `tb_buku` (`judul`, `id_buku`., `id_kategori_buku`, `penulis`, `penerbit`, `tahun_terbit`, `stok`, `sinopsis`, `sampul_buku`) VALUES (\'Babi Ngesot2\', \'KB-001\', \'KK-001\', \'Raditya Dika\', \'Bukunee\', \'2023\', \'3\', \'Novel Babi Ngesot menceritakan tentang perjalanan hidup Raditya Dika yang yang lucu-lucu. Salah satu bagian ceritanya yang berjudul Asal Jangan Jadi Perkedel. Bagian cerita tersebut menceritakan tentang keseharian Raditya Dika saat ia mulai memasuki bangku SMA itu di SMA 70 Bulungan mulai dari saat awal Raditya memilih sekolah itu.\', \'Babi Ngesot2_1709104554.png\')', 0)
 2 SYSTEMPATH\Database\BaseConnection.php(693): CodeIgniter\Database\MySQLi\Connection->execute('INSERT INTO `tb_buku` (`judul`, `id_buku`., `id_kategori_buku`, `penulis`, `penerbit`, `tahun_terbit`, `stok`, `sinopsis`, `sampul_buku`) VALUES (\'Babi Ngesot2\', \'KB-001\', \'KK-001\', \'Raditya Dika\', \'Bukunee\', \'2023\', \'3\', \'Novel Babi Ngesot menceritakan tentang perjalanan hidup Raditya Dika yang yang lucu-lucu. Salah satu bagian ceritanya yang berjudul Asal Jangan Jadi Perkedel. Bagian cerita tersebut menceritakan tentang keseharian Raditya Dika saat ia mulai memasuki bangku SMA itu di SMA 70 Bulungan mulai dari saat awal Raditya memilih sekolah itu.\', \'Babi Ngesot2_1709104554.png\')')
 3 SYSTEMPATH\Database\BaseConnection.php(607): CodeIgniter\Database\BaseConnection->simpleQuery('INSERT INTO `tb_buku` (`judul`, `id_buku`., `id_kategori_buku`, `penulis`, `penerbit`, `tahun_terbit`, `stok`, `sinopsis`, `sampul_buku`) VALUES (\'Babi Ngesot2\', \'KB-001\', \'KK-001\', \'Raditya Dika\', \'Bukunee\', \'2023\', \'3\', \'Novel Babi Ngesot menceritakan tentang perjalanan hidup Raditya Dika yang yang lucu-lucu. Salah satu bagian ceritanya yang berjudul Asal Jangan Jadi Perkedel. Bagian cerita tersebut menceritakan tentang keseharian Raditya Dika saat ia mulai memasuki bangku SMA itu di SMA 70 Bulungan mulai dari saat awal Raditya memilih sekolah itu.\', \'Babi Ngesot2_1709104554.png\')')
 4 SYSTEMPATH\Database\BaseBuilder.php(2307): CodeIgniter\Database\BaseConnection->query('INSERT INTO `tb_buku` (`judul`, `id_buku`., `id_kategori_buku`, `penulis`, `penerbit`, `tahun_terbit`, `stok`, `sinopsis`, `sampul_buku`) VALUES (:judul:, :id_buku.:, :id_kategori_buku:, :penulis:, :penerbit:, :tahun_terbit:, :stok:, :sinopsis:, :sampul_buku:)', [...], false)
 5 APPPATH\Models\ModelBuku.php(16): CodeIgniter\Database\BaseBuilder->insert([...])
 6 APPPATH\Controllers\Admin.php(450): App\Models\ModelBuku->tambah_buku([...])
 7 SYSTEMPATH\CodeIgniter.php(941): App\Controllers\Admin->proses_tambah_buku()
 8 SYSTEMPATH\CodeIgniter.php(502): CodeIgniter\CodeIgniter->runController(Object(App\Controllers\Admin))
 9 SYSTEMPATH\CodeIgniter.php(361): CodeIgniter\CodeIgniter->handleRequest(null, Object(Config\Cache), false)
10 FCPATH\index.php(79): CodeIgniter\CodeIgniter->run()
INFO - 2024-02-28 07:16:14 --> Session: Class initialized using 'CodeIgniter\Session\Handlers\FileHandler' driver.
INFO - 2024-02-28 07:16:15 --> Session: Class initialized using 'CodeIgniter\Session\Handlers\FileHandler' driver.
INFO - 2024-02-28 07:16:39 --> Session: Class initialized using 'CodeIgniter\Session\Handlers\FileHandler' driver.
ERROR - 2024-02-28 07:17:18 --> mysqli_sql_exception: You have an error in your SQL syntax; check the manual that corresponds to your MariaDB server version for the right syntax to use near ' `id_kategori_buku`, `penulis`, `penerbit`, `tahun_terbit`, `stok`, `sinopsis...' at line 1 in C:\xampp\htdocs\perpus_new\system\Database\MySQLi\Connection.php:306
Stack trace:
#0 C:\xampp\htdocs\perpus_new\system\Database\MySQLi\Connection.php(306): mysqli->query('INSERT INTO `tb...', 0)
#1 C:\xampp\htdocs\perpus_new\system\Database\BaseConnection.php(693): CodeIgniter\Database\MySQLi\Connection->execute('INSERT INTO `tb...')
#2 C:\xampp\htdocs\perpus_new\system\Database\BaseConnection.php(607): CodeIgniter\Database\BaseConnection->simpleQuery('INSERT INTO `tb...')
#3 C:\xampp\htdocs\perpus_new\system\Database\BaseBuilder.php(2307): CodeIgniter\Database\BaseConnection->query('INSERT INTO `tb...', Array, false)
#4 C:\xampp\htdocs\perpus_new\app\Models\ModelBuku.php(16): CodeIgniter\Database\BaseBuilder->insert(Array)
#5 C:\xampp\htdocs\perpus_new\app\Controllers\Admin.php(451): App\Models\ModelBuku->tambah_buku(Array)
#6 C:\xampp\htdocs\perpus_new\system\CodeIgniter.php(941): App\Controllers\Admin->proses_tambah_buku()
#7 C:\xampp\htdocs\perpus_new\system\CodeIgniter.php(502): CodeIgniter\CodeIgniter->runController(Object(App\Controllers\Admin))
#8 C:\xampp\htdocs\perpus_new\system\CodeIgniter.php(361): CodeIgniter\CodeIgniter->handleRequest(NULL, Object(Config\Cache), false)
#9 C:\xampp\htdocs\perpus_new\public\index.php(79): CodeIgniter\CodeIgniter->run()
#10 {main}
CRITICAL - 2024-02-28 07:17:18 --> CodeIgniter\Database\Exceptions\DatabaseException: You have an error in your SQL syntax; check the manual that corresponds to your MariaDB server version for the right syntax to use near ' `id_kategori_buku`, `penulis`, `penerbit`, `tahun_terbit`, `stok`, `sinopsis...' at line 1
in SYSTEMPATH\Database\BaseConnection.php on line 647.
 1 SYSTEMPATH\Database\BaseBuilder.php(2307): CodeIgniter\Database\BaseConnection->query('INSERT INTO `tb_buku` (`judul`, `id_buku`., `id_kategori_buku`, `penulis`, `penerbit`, `tahun_terbit`, `stok`, `sinopsis`, `sampul_buku`) VALUES (:judul:, :id_buku.:, :id_kategori_buku:, :penulis:, :penerbit:, :tahun_terbit:, :stok:, :sinopsis:, :sampul_buku:)', [...], false)
 2 APPPATH\Models\ModelBuku.php(16): CodeIgniter\Database\BaseBuilder->insert([...])
 3 APPPATH\Controllers\Admin.php(451): App\Models\ModelBuku->tambah_buku([...])
 4 SYSTEMPATH\CodeIgniter.php(941): App\Controllers\Admin->proses_tambah_buku()
 5 SYSTEMPATH\CodeIgniter.php(502): CodeIgniter\CodeIgniter->runController(Object(App\Controllers\Admin))
 6 SYSTEMPATH\CodeIgniter.php(361): CodeIgniter\CodeIgniter->handleRequest(null, Object(Config\Cache), false)
 7 FCPATH\index.php(79): CodeIgniter\CodeIgniter->run()
CRITICAL - 2024-02-28 07:17:18 --> [Caused by] CodeIgniter\Database\Exceptions\DatabaseException: You have an error in your SQL syntax; check the manual that corresponds to your MariaDB server version for the right syntax to use near ' `id_kategori_buku`, `penulis`, `penerbit`, `tahun_terbit`, `stok`, `sinopsis...' at line 1
in SYSTEMPATH\Database\MySQLi\Connection.php on line 311.
 1 SYSTEMPATH\Database\BaseConnection.php(693): CodeIgniter\Database\MySQLi\Connection->execute('INSERT INTO `tb_buku` (`judul`, `id_buku`., `id_kategori_buku`, `penulis`, `penerbit`, `tahun_terbit`, `stok`, `sinopsis`, `sampul_buku`) VALUES (\'Babi Ngesot2\', \'KB-001\', \'KK-001\', \'Raditya Dika\', \'Bukunee\', \'23\', \'22\', \'Novel Babi Ngesot menceritakan tentang perjalanan hidup Raditya Dika yang yang lucu-lucu. Salah satu bagian ceritanya yang berjudul Asal Jangan Jadi Perkedel. Bagian cerita tersebut menceritakan tentang keseharian Raditya Dika saat ia mulai memasuki bangku SMA itu di SMA 70 Bulungan mulai dari saat awal Raditya memilih sekolah itu.\', \'Babi Ngesot2_1709104638.png\')')
 2 SYSTEMPATH\Database\BaseConnection.php(607): CodeIgniter\Database\BaseConnection->simpleQuery('INSERT INTO `tb_buku` (`judul`, `id_buku`., `id_kategori_buku`, `penulis`, `penerbit`, `tahun_terbit`, `stok`, `sinopsis`, `sampul_buku`) VALUES (\'Babi Ngesot2\', \'KB-001\', \'KK-001\', \'Raditya Dika\', \'Bukunee\', \'23\', \'22\', \'Novel Babi Ngesot menceritakan tentang perjalanan hidup Raditya Dika yang yang lucu-lucu. Salah satu bagian ceritanya yang berjudul Asal Jangan Jadi Perkedel. Bagian cerita tersebut menceritakan tentang keseharian Raditya Dika saat ia mulai memasuki bangku SMA itu di SMA 70 Bulungan mulai dari saat awal Raditya memilih sekolah itu.\', \'Babi Ngesot2_1709104638.png\')')
 3 SYSTEMPATH\Database\BaseBuilder.php(2307): CodeIgniter\Database\BaseConnection->query('INSERT INTO `tb_buku` (`judul`, `id_buku`., `id_kategori_buku`, `penulis`, `penerbit`, `tahun_terbit`, `stok`, `sinopsis`, `sampul_buku`) VALUES (:judul:, :id_buku.:, :id_kategori_buku:, :penulis:, :penerbit:, :tahun_terbit:, :stok:, :sinopsis:, :sampul_buku:)', [...], false)
 4 APPPATH\Models\ModelBuku.php(16): CodeIgniter\Database\BaseBuilder->insert([...])
 5 APPPATH\Controllers\Admin.php(451): App\Models\ModelBuku->tambah_buku([...])
 6 SYSTEMPATH\CodeIgniter.php(941): App\Controllers\Admin->proses_tambah_buku()
 7 SYSTEMPATH\CodeIgniter.php(502): CodeIgniter\CodeIgniter->runController(Object(App\Controllers\Admin))
 8 SYSTEMPATH\CodeIgniter.php(361): CodeIgniter\CodeIgniter->handleRequest(null, Object(Config\Cache), false)
 9 FCPATH\index.php(79): CodeIgniter\CodeIgniter->run()
CRITICAL - 2024-02-28 07:17:18 --> [Caused by] mysqli_sql_exception: You have an error in your SQL syntax; check the manual that corresponds to your MariaDB server version for the right syntax to use near ' `id_kategori_buku`, `penulis`, `penerbit`, `tahun_terbit`, `stok`, `sinopsis...' at line 1
in SYSTEMPATH\Database\MySQLi\Connection.php on line 306.
 1 SYSTEMPATH\Database\MySQLi\Connection.php(306): mysqli->query('INSERT INTO `tb_buku` (`judul`, `id_buku`., `id_kategori_buku`, `penulis`, `penerbit`, `tahun_terbit`, `stok`, `sinopsis`, `sampul_buku`) VALUES (\'Babi Ngesot2\', \'KB-001\', \'KK-001\', \'Raditya Dika\', \'Bukunee\', \'23\', \'22\', \'Novel Babi Ngesot menceritakan tentang perjalanan hidup Raditya Dika yang yang lucu-lucu. Salah satu bagian ceritanya yang berjudul Asal Jangan Jadi Perkedel. Bagian cerita tersebut menceritakan tentang keseharian Raditya Dika saat ia mulai memasuki bangku SMA itu di SMA 70 Bulungan mulai dari saat awal Raditya memilih sekolah itu.\', \'Babi Ngesot2_1709104638.png\')', 0)
 2 SYSTEMPATH\Database\BaseConnection.php(693): CodeIgniter\Database\MySQLi\Connection->execute('INSERT INTO `tb_buku` (`judul`, `id_buku`., `id_kategori_buku`, `penulis`, `penerbit`, `tahun_terbit`, `stok`, `sinopsis`, `sampul_buku`) VALUES (\'Babi Ngesot2\', \'KB-001\', \'KK-001\', \'Raditya Dika\', \'Bukunee\', \'23\', \'22\', \'Novel Babi Ngesot menceritakan tentang perjalanan hidup Raditya Dika yang yang lucu-lucu. Salah satu bagian ceritanya yang berjudul Asal Jangan Jadi Perkedel. Bagian cerita tersebut menceritakan tentang keseharian Raditya Dika saat ia mulai memasuki bangku SMA itu di SMA 70 Bulungan mulai dari saat awal Raditya memilih sekolah itu.\', \'Babi Ngesot2_1709104638.png\')')
 3 SYSTEMPATH\Database\BaseConnection.php(607): CodeIgniter\Database\BaseConnection->simpleQuery('INSERT INTO `tb_buku` (`judul`, `id_buku`., `id_kategori_buku`, `penulis`, `penerbit`, `tahun_terbit`, `stok`, `sinopsis`, `sampul_buku`) VALUES (\'Babi Ngesot2\', \'KB-001\', \'KK-001\', \'Raditya Dika\', \'Bukunee\', \'23\', \'22\', \'Novel Babi Ngesot menceritakan tentang perjalanan hidup Raditya Dika yang yang lucu-lucu. Salah satu bagian ceritanya yang berjudul Asal Jangan Jadi Perkedel. Bagian cerita tersebut menceritakan tentang keseharian Raditya Dika saat ia mulai memasuki bangku SMA itu di SMA 70 Bulungan mulai dari saat awal Raditya memilih sekolah itu.\', \'Babi Ngesot2_1709104638.png\')')
 4 SYSTEMPATH\Database\BaseBuilder.php(2307): CodeIgniter\Database\BaseConnection->query('INSERT INTO `tb_buku` (`judul`, `id_buku`., `id_kategori_buku`, `penulis`, `penerbit`, `tahun_terbit`, `stok`, `sinopsis`, `sampul_buku`) VALUES (:judul:, :id_buku.:, :id_kategori_buku:, :penulis:, :penerbit:, :tahun_terbit:, :stok:, :sinopsis:, :sampul_buku:)', [...], false)
 5 APPPATH\Models\ModelBuku.php(16): CodeIgniter\Database\BaseBuilder->insert([...])
 6 APPPATH\Controllers\Admin.php(451): App\Models\ModelBuku->tambah_buku([...])
 7 SYSTEMPATH\CodeIgniter.php(941): App\Controllers\Admin->proses_tambah_buku()
 8 SYSTEMPATH\CodeIgniter.php(502): CodeIgniter\CodeIgniter->runController(Object(App\Controllers\Admin))
 9 SYSTEMPATH\CodeIgniter.php(361): CodeIgniter\CodeIgniter->handleRequest(null, Object(Config\Cache), false)
10 FCPATH\index.php(79): CodeIgniter\CodeIgniter->run()
INFO - 2024-02-28 07:18:18 --> Session: Class initialized using 'CodeIgniter\Session\Handlers\FileHandler' driver.
INFO - 2024-02-28 07:18:18 --> Session: Class initialized using 'CodeIgniter\Session\Handlers\FileHandler' driver.
INFO - 2024-02-28 07:18:46 --> Session: Class initialized using 'CodeIgniter\Session\Handlers\FileHandler' driver.
INFO - 2024-02-28 07:18:46 --> Session: Class initialized using 'CodeIgniter\Session\Handlers\FileHandler' driver.
INFO - 2024-02-28 07:18:55 --> Session: Class initialized using 'CodeIgniter\Session\Handlers\FileHandler' driver.
INFO - 2024-02-28 07:24:03 --> Session: Class initialized using 'CodeIgniter\Session\Handlers\FileHandler' driver.
INFO - 2024-02-28 07:24:05 --> Session: Class initialized using 'CodeIgniter\Session\Handlers\FileHandler' driver.
INFO - 2024-02-28 07:24:10 --> Session: Class initialized using 'CodeIgniter\Session\Handlers\FileHandler' driver.
INFO - 2024-02-28 07:24:36 --> Session: Class initialized using 'CodeIgniter\Session\Handlers\FileHandler' driver.
INFO - 2024-02-28 07:24:37 --> Session: Class initialized using 'CodeIgniter\Session\Handlers\FileHandler' driver.
INFO - 2024-02-28 07:24:39 --> Session: Class initialized using 'CodeIgniter\Session\Handlers\FileHandler' driver.
INFO - 2024-02-28 07:24:41 --> Session: Class initialized using 'CodeIgniter\Session\Handlers\FileHandler' driver.
INFO - 2024-02-28 07:25:02 --> Session: Class initialized using 'CodeIgniter\Session\Handlers\FileHandler' driver.
INFO - 2024-02-28 07:25:03 --> Session: Class initialized using 'CodeIgniter\Session\Handlers\FileHandler' driver.
INFO - 2024-02-28 07:25:10 --> Session: Class initialized using 'CodeIgniter\Session\Handlers\FileHandler' driver.
INFO - 2024-02-28 07:25:26 --> Session: Class initialized using 'CodeIgniter\Session\Handlers\FileHandler' driver.
INFO - 2024-02-28 07:25:30 --> Session: Class initialized using 'CodeIgniter\Session\Handlers\FileHandler' driver.
INFO - 2024-02-28 07:25:47 --> Session: Class initialized using 'CodeIgniter\Session\Handlers\FileHandler' driver.
INFO - 2024-02-28 07:25:47 --> Session: Class initialized using 'CodeIgniter\Session\Handlers\FileHandler' driver.
INFO - 2024-02-28 07:25:52 --> Session: Class initialized using 'CodeIgniter\Session\Handlers\FileHandler' driver.
INFO - 2024-02-28 07:26:39 --> Session: Class initialized using 'CodeIgniter\Session\Handlers\FileHandler' driver.
INFO - 2024-02-28 07:26:39 --> Session: Class initialized using 'CodeIgniter\Session\Handlers\FileHandler' driver.
INFO - 2024-02-28 07:26:44 --> Session: Class initialized using 'CodeIgniter\Session\Handlers\FileHandler' driver.
INFO - 2024-02-28 07:26:44 --> Session: Class initialized using 'CodeIgniter\Session\Handlers\FileHandler' driver.
INFO - 2024-02-28 07:26:46 --> Session: Class initialized using 'CodeIgniter\Session\Handlers\FileHandler' driver.
INFO - 2024-02-28 07:26:56 --> Session: Class initialized using 'CodeIgniter\Session\Handlers\FileHandler' driver.
INFO - 2024-02-28 07:27:27 --> Session: Class initialized using 'CodeIgniter\Session\Handlers\FileHandler' driver.
INFO - 2024-02-28 07:27:27 --> Session: Class initialized using 'CodeIgniter\Session\Handlers\FileHandler' driver.
INFO - 2024-02-28 07:27:38 --> Session: Class initialized using 'CodeIgniter\Session\Handlers\FileHandler' driver.
INFO - 2024-02-28 07:27:39 --> Session: Class initialized using 'CodeIgniter\Session\Handlers\FileHandler' driver.
INFO - 2024-02-28 07:28:02 --> Session: Class initialized using 'CodeIgniter\Session\Handlers\FileHandler' driver.
INFO - 2024-02-28 07:28:12 --> Session: Class initialized using 'CodeIgniter\Session\Handlers\FileHandler' driver.
INFO - 2024-02-28 07:30:22 --> Session: Class initialized using 'CodeIgniter\Session\Handlers\FileHandler' driver.
INFO - 2024-02-28 07:32:43 --> Session: Class initialized using 'CodeIgniter\Session\Handlers\FileHandler' driver.
CRITICAL - 2024-02-28 07:32:50 --> ArgumentCountError: Too few arguments to function App\Controllers\User::pinjam_buku(), 0 passed in C:\xampp\htdocs\perpus_new\system\CodeIgniter.php on line 941 and exactly 1 expected
in APPPATH\Controllers\User.php on line 157.
 1 SYSTEMPATH\CodeIgniter.php(941): App\Controllers\User->pinjam_buku()
 2 SYSTEMPATH\CodeIgniter.php(502): CodeIgniter\CodeIgniter->runController(Object(App\Controllers\User))
 3 SYSTEMPATH\CodeIgniter.php(361): CodeIgniter\CodeIgniter->handleRequest(null, Object(Config\Cache), false)
 4 FCPATH\index.php(79): CodeIgniter\CodeIgniter->run()
INFO - 2024-02-28 07:32:52 --> Session: Class initialized using 'CodeIgniter\Session\Handlers\FileHandler' driver.
INFO - 2024-02-28 07:33:07 --> Session: Class initialized using 'CodeIgniter\Session\Handlers\FileHandler' driver.
INFO - 2024-02-28 07:33:09 --> Session: Class initialized using 'CodeIgniter\Session\Handlers\FileHandler' driver.
INFO - 2024-02-28 07:33:09 --> Session: Class initialized using 'CodeIgniter\Session\Handlers\FileHandler' driver.
INFO - 2024-02-28 07:33:10 --> Session: Class initialized using 'CodeIgniter\Session\Handlers\FileHandler' driver.
INFO - 2024-02-28 07:33:11 --> Session: Class initialized using 'CodeIgniter\Session\Handlers\FileHandler' driver.
INFO - 2024-02-28 07:33:11 --> Session: Class initialized using 'CodeIgniter\Session\Handlers\FileHandler' driver.
INFO - 2024-02-28 07:33:17 --> Session: Class initialized using 'CodeIgniter\Session\Handlers\FileHandler' driver.
INFO - 2024-02-28 07:33:22 --> Session: Class initialized using 'CodeIgniter\Session\Handlers\FileHandler' driver.
INFO - 2024-02-28 07:33:47 --> Session: Class initialized using 'CodeIgniter\Session\Handlers\FileHandler' driver.
INFO - 2024-02-28 07:33:47 --> Session: Class initialized using 'CodeIgniter\Session\Handlers\FileHandler' driver.
INFO - 2024-02-28 07:33:50 --> Session: Class initialized using 'CodeIgniter\Session\Handlers\FileHandler' driver.
INFO - 2024-02-28 07:34:25 --> Session: Class initialized using 'CodeIgniter\Session\Handlers\FileHandler' driver.
INFO - 2024-02-28 07:34:25 --> Session: Class initialized using 'CodeIgniter\Session\Handlers\FileHandler' driver.
ERROR - 2024-02-28 07:34:27 --> mysqli_sql_exception: Duplicate entry 'KB-003' for key 'PRIMARY' in C:\xampp\htdocs\perpus_new\system\Database\MySQLi\Connection.php:306
Stack trace:
#0 C:\xampp\htdocs\perpus_new\system\Database\MySQLi\Connection.php(306): mysqli->query('INSERT INTO `tb...', 0)
#1 C:\xampp\htdocs\perpus_new\system\Database\BaseConnection.php(693): CodeIgniter\Database\MySQLi\Connection->execute('INSERT INTO `tb...')
#2 C:\xampp\htdocs\perpus_new\system\Database\BaseConnection.php(607): CodeIgniter\Database\BaseConnection->simpleQuery('INSERT INTO `tb...')
#3 C:\xampp\htdocs\perpus_new\system\Database\BaseBuilder.php(2307): CodeIgniter\Database\BaseConnection->query('INSERT INTO `tb...', Array, false)
#4 C:\xampp\htdocs\perpus_new\app\Models\ModelBuku.php(16): CodeIgniter\Database\BaseBuilder->insert(Array)
#5 C:\xampp\htdocs\perpus_new\app\Controllers\Admin.php(451): App\Models\ModelBuku->tambah_buku(Array)
#6 C:\xampp\htdocs\perpus_new\system\CodeIgniter.php(941): App\Controllers\Admin->proses_tambah_buku()
#7 C:\xampp\htdocs\perpus_new\system\CodeIgniter.php(502): CodeIgniter\CodeIgniter->runController(Object(App\Controllers\Admin))
#8 C:\xampp\htdocs\perpus_new\system\CodeIgniter.php(361): CodeIgniter\CodeIgniter->handleRequest(NULL, Object(Config\Cache), false)
#9 C:\xampp\htdocs\perpus_new\public\index.php(79): CodeIgniter\CodeIgniter->run()
#10 {main}
CRITICAL - 2024-02-28 07:34:28 --> CodeIgniter\Database\Exceptions\DatabaseException: Duplicate entry 'KB-003' for key 'PRIMARY'
in SYSTEMPATH\Database\BaseConnection.php on line 647.
 1 SYSTEMPATH\Database\BaseBuilder.php(2307): CodeIgniter\Database\BaseConnection->query('INSERT INTO `tb_buku` (`judul`, `id_buku`, `id_kategori_buku`, `penulis`, `penerbit`, `tahun_terbit`, `stok`, `sinopsis`, `sampul_buku`) VALUES (:judul:, :id_buku:, :id_kategori_buku:, :penulis:, :penerbit:, :tahun_terbit:, :stok:, :sinopsis:, :sampul_buku:)', [...], false)
 2 APPPATH\Models\ModelBuku.php(16): CodeIgniter\Database\BaseBuilder->insert([...])
 3 APPPATH\Controllers\Admin.php(451): App\Models\ModelBuku->tambah_buku([...])
 4 SYSTEMPATH\CodeIgniter.php(941): App\Controllers\Admin->proses_tambah_buku()
 5 SYSTEMPATH\CodeIgniter.php(502): CodeIgniter\CodeIgniter->runController(Object(App\Controllers\Admin))
 6 SYSTEMPATH\CodeIgniter.php(361): CodeIgniter\CodeIgniter->handleRequest(null, Object(Config\Cache), false)
 7 FCPATH\index.php(79): CodeIgniter\CodeIgniter->run()
CRITICAL - 2024-02-28 07:34:28 --> [Caused by] CodeIgniter\Database\Exceptions\DatabaseException: Duplicate entry 'KB-003' for key 'PRIMARY'
in SYSTEMPATH\Database\MySQLi\Connection.php on line 311.
 1 SYSTEMPATH\Database\BaseConnection.php(693): CodeIgniter\Database\MySQLi\Connection->execute('INSERT INTO `tb_buku` (`judul`, `id_buku`, `id_kategori_buku`, `penulis`, `penerbit`, `tahun_terbit`, `stok`, `sinopsis`, `sampul_buku`) VALUES (\'Rahmadi CahyoSaputro\', \'KB-003\', \'KK-001\', \'Raihan\', \'Bukunee\', \'23\', \'22\', \'sjkjs\', \'Rahmadi CahyoSaputro_1709105667.png\')')
 2 SYSTEMPATH\Database\BaseConnection.php(607): CodeIgniter\Database\BaseConnection->simpleQuery('INSERT INTO `tb_buku` (`judul`, `id_buku`, `id_kategori_buku`, `penulis`, `penerbit`, `tahun_terbit`, `stok`, `sinopsis`, `sampul_buku`) VALUES (\'Rahmadi CahyoSaputro\', \'KB-003\', \'KK-001\', \'Raihan\', \'Bukunee\', \'23\', \'22\', \'sjkjs\', \'Rahmadi CahyoSaputro_1709105667.png\')')
 3 SYSTEMPATH\Database\BaseBuilder.php(2307): CodeIgniter\Database\BaseConnection->query('INSERT INTO `tb_buku` (`judul`, `id_buku`, `id_kategori_buku`, `penulis`, `penerbit`, `tahun_terbit`, `stok`, `sinopsis`, `sampul_buku`) VALUES (:judul:, :id_buku:, :id_kategori_buku:, :penulis:, :penerbit:, :tahun_terbit:, :stok:, :sinopsis:, :sampul_buku:)', [...], false)
 4 APPPATH\Models\ModelBuku.php(16): CodeIgniter\Database\BaseBuilder->insert([...])
 5 APPPATH\Controllers\Admin.php(451): App\Models\ModelBuku->tambah_buku([...])
 6 SYSTEMPATH\CodeIgniter.php(941): App\Controllers\Admin->proses_tambah_buku()
 7 SYSTEMPATH\CodeIgniter.php(502): CodeIgniter\CodeIgniter->runController(Object(App\Controllers\Admin))
 8 SYSTEMPATH\CodeIgniter.php(361): CodeIgniter\CodeIgniter->handleRequest(null, Object(Config\Cache), false)
 9 FCPATH\index.php(79): CodeIgniter\CodeIgniter->run()
CRITICAL - 2024-02-28 07:34:28 --> [Caused by] mysqli_sql_exception: Duplicate entry 'KB-003' for key 'PRIMARY'
in SYSTEMPATH\Database\MySQLi\Connection.php on line 306.
 1 SYSTEMPATH\Database\MySQLi\Connection.php(306): mysqli->query('INSERT INTO `tb_buku` (`judul`, `id_buku`, `id_kategori_buku`, `penulis`, `penerbit`, `tahun_terbit`, `stok`, `sinopsis`, `sampul_buku`) VALUES (\'Rahmadi CahyoSaputro\', \'KB-003\', \'KK-001\', \'Raihan\', \'Bukunee\', \'23\', \'22\', \'sjkjs\', \'Rahmadi CahyoSaputro_1709105667.png\')', 0)
 2 SYSTEMPATH\Database\BaseConnection.php(693): CodeIgniter\Database\MySQLi\Connection->execute('INSERT INTO `tb_buku` (`judul`, `id_buku`, `id_kategori_buku`, `penulis`, `penerbit`, `tahun_terbit`, `stok`, `sinopsis`, `sampul_buku`) VALUES (\'Rahmadi CahyoSaputro\', \'KB-003\', \'KK-001\', \'Raihan\', \'Bukunee\', \'23\', \'22\', \'sjkjs\', \'Rahmadi CahyoSaputro_1709105667.png\')')
 3 SYSTEMPATH\Database\BaseConnection.php(607): CodeIgniter\Database\BaseConnection->simpleQuery('INSERT INTO `tb_buku` (`judul`, `id_buku`, `id_kategori_buku`, `penulis`, `penerbit`, `tahun_terbit`, `stok`, `sinopsis`, `sampul_buku`) VALUES (\'Rahmadi CahyoSaputro\', \'KB-003\', \'KK-001\', \'Raihan\', \'Bukunee\', \'23\', \'22\', \'sjkjs\', \'Rahmadi CahyoSaputro_1709105667.png\')')
 4 SYSTEMPATH\Database\BaseBuilder.php(2307): CodeIgniter\Database\BaseConnection->query('INSERT INTO `tb_buku` (`judul`, `id_buku`, `id_kategori_buku`, `penulis`, `penerbit`, `tahun_terbit`, `stok`, `sinopsis`, `sampul_buku`) VALUES (:judul:, :id_buku:, :id_kategori_buku:, :penulis:, :penerbit:, :tahun_terbit:, :stok:, :sinopsis:, :sampul_buku:)', [...], false)
 5 APPPATH\Models\ModelBuku.php(16): CodeIgniter\Database\BaseBuilder->insert([...])
 6 APPPATH\Controllers\Admin.php(451): App\Models\ModelBuku->tambah_buku([...])
 7 SYSTEMPATH\CodeIgniter.php(941): App\Controllers\Admin->proses_tambah_buku()
 8 SYSTEMPATH\CodeIgniter.php(502): CodeIgniter\CodeIgniter->runController(Object(App\Controllers\Admin))
 9 SYSTEMPATH\CodeIgniter.php(361): CodeIgniter\CodeIgniter->handleRequest(null, Object(Config\Cache), false)
10 FCPATH\index.php(79): CodeIgniter\CodeIgniter->run()
ERROR - 2024-02-28 07:34:48 --> mysqli_sql_exception: Duplicate entry 'KB-003' for key 'PRIMARY' in C:\xampp\htdocs\perpus_new\system\Database\MySQLi\Connection.php:306
Stack trace:
#0 C:\xampp\htdocs\perpus_new\system\Database\MySQLi\Connection.php(306): mysqli->query('INSERT INTO `tb...', 0)
#1 C:\xampp\htdocs\perpus_new\system\Database\BaseConnection.php(693): CodeIgniter\Database\MySQLi\Connection->execute('INSERT INTO `tb...')
#2 C:\xampp\htdocs\perpus_new\system\Database\BaseConnection.php(607): CodeIgniter\Database\BaseConnection->simpleQuery('INSERT INTO `tb...')
#3 C:\xampp\htdocs\perpus_new\system\Database\BaseBuilder.php(2307): CodeIgniter\Database\BaseConnection->query('INSERT INTO `tb...', Array, false)
#4 C:\xampp\htdocs\perpus_new\app\Models\ModelBuku.php(16): CodeIgniter\Database\BaseBuilder->insert(Array)
#5 C:\xampp\htdocs\perpus_new\app\Controllers\Admin.php(451): App\Models\ModelBuku->tambah_buku(Array)
#6 C:\xampp\htdocs\perpus_new\system\CodeIgniter.php(941): App\Controllers\Admin->proses_tambah_buku()
#7 C:\xampp\htdocs\perpus_new\system\CodeIgniter.php(502): CodeIgniter\CodeIgniter->runController(Object(App\Controllers\Admin))
#8 C:\xampp\htdocs\perpus_new\system\CodeIgniter.php(361): CodeIgniter\CodeIgniter->handleRequest(NULL, Object(Config\Cache), false)
#9 C:\xampp\htdocs\perpus_new\public\index.php(79): CodeIgniter\CodeIgniter->run()
#10 {main}
CRITICAL - 2024-02-28 07:34:48 --> CodeIgniter\Database\Exceptions\DatabaseException: Duplicate entry 'KB-003' for key 'PRIMARY'
in SYSTEMPATH\Database\BaseConnection.php on line 647.
 1 SYSTEMPATH\Database\BaseBuilder.php(2307): CodeIgniter\Database\BaseConnection->query('INSERT INTO `tb_buku` (`judul`, `id_buku`, `id_kategori_buku`, `penulis`, `penerbit`, `tahun_terbit`, `stok`, `sinopsis`, `sampul_buku`) VALUES (:judul:, :id_buku:, :id_kategori_buku:, :penulis:, :penerbit:, :tahun_terbit:, :stok:, :sinopsis:, :sampul_buku:)', [...], false)
 2 APPPATH\Models\ModelBuku.php(16): CodeIgniter\Database\BaseBuilder->insert([...])
 3 APPPATH\Controllers\Admin.php(451): App\Models\ModelBuku->tambah_buku([...])
 4 SYSTEMPATH\CodeIgniter.php(941): App\Controllers\Admin->proses_tambah_buku()
 5 SYSTEMPATH\CodeIgniter.php(502): CodeIgniter\CodeIgniter->runController(Object(App\Controllers\Admin))
 6 SYSTEMPATH\CodeIgniter.php(361): CodeIgniter\CodeIgniter->handleRequest(null, Object(Config\Cache), false)
 7 FCPATH\index.php(79): CodeIgniter\CodeIgniter->run()
CRITICAL - 2024-02-28 07:34:48 --> [Caused by] CodeIgniter\Database\Exceptions\DatabaseException: Duplicate entry 'KB-003' for key 'PRIMARY'
in SYSTEMPATH\Database\MySQLi\Connection.php on line 311.
 1 SYSTEMPATH\Database\BaseConnection.php(693): CodeIgniter\Database\MySQLi\Connection->execute('INSERT INTO `tb_buku` (`judul`, `id_buku`, `id_kategori_buku`, `penulis`, `penerbit`, `tahun_terbit`, `stok`, `sinopsis`, `sampul_buku`) VALUES (\'Rahmadi CahyoSaputro\', \'KB-003\', \'KK-001\', \'Raihan\', \'Bukunee\', \'23\', \'22\', \'sjkjs\', \'Rahmadi CahyoSaputro_1709105688.png\')')
 2 SYSTEMPATH\Database\BaseConnection.php(607): CodeIgniter\Database\BaseConnection->simpleQuery('INSERT INTO `tb_buku` (`judul`, `id_buku`, `id_kategori_buku`, `penulis`, `penerbit`, `tahun_terbit`, `stok`, `sinopsis`, `sampul_buku`) VALUES (\'Rahmadi CahyoSaputro\', \'KB-003\', \'KK-001\', \'Raihan\', \'Bukunee\', \'23\', \'22\', \'sjkjs\', \'Rahmadi CahyoSaputro_1709105688.png\')')
 3 SYSTEMPATH\Database\BaseBuilder.php(2307): CodeIgniter\Database\BaseConnection->query('INSERT INTO `tb_buku` (`judul`, `id_buku`, `id_kategori_buku`, `penulis`, `penerbit`, `tahun_terbit`, `stok`, `sinopsis`, `sampul_buku`) VALUES (:judul:, :id_buku:, :id_kategori_buku:, :penulis:, :penerbit:, :tahun_terbit:, :stok:, :sinopsis:, :sampul_buku:)', [...], false)
 4 APPPATH\Models\ModelBuku.php(16): CodeIgniter\Database\BaseBuilder->insert([...])
 5 APPPATH\Controllers\Admin.php(451): App\Models\ModelBuku->tambah_buku([...])
 6 SYSTEMPATH\CodeIgniter.php(941): App\Controllers\Admin->proses_tambah_buku()
 7 SYSTEMPATH\CodeIgniter.php(502): CodeIgniter\CodeIgniter->runController(Object(App\Controllers\Admin))
 8 SYSTEMPATH\CodeIgniter.php(361): CodeIgniter\CodeIgniter->handleRequest(null, Object(Config\Cache), false)
 9 FCPATH\index.php(79): CodeIgniter\CodeIgniter->run()
CRITICAL - 2024-02-28 07:34:48 --> [Caused by] mysqli_sql_exception: Duplicate entry 'KB-003' for key 'PRIMARY'
in SYSTEMPATH\Database\MySQLi\Connection.php on line 306.
 1 SYSTEMPATH\Database\MySQLi\Connection.php(306): mysqli->query('INSERT INTO `tb_buku` (`judul`, `id_buku`, `id_kategori_buku`, `penulis`, `penerbit`, `tahun_terbit`, `stok`, `sinopsis`, `sampul_buku`) VALUES (\'Rahmadi CahyoSaputro\', \'KB-003\', \'KK-001\', \'Raihan\', \'Bukunee\', \'23\', \'22\', \'sjkjs\', \'Rahmadi CahyoSaputro_1709105688.png\')', 0)
 2 SYSTEMPATH\Database\BaseConnection.php(693): CodeIgniter\Database\MySQLi\Connection->execute('INSERT INTO `tb_buku` (`judul`, `id_buku`, `id_kategori_buku`, `penulis`, `penerbit`, `tahun_terbit`, `stok`, `sinopsis`, `sampul_buku`) VALUES (\'Rahmadi CahyoSaputro\', \'KB-003\', \'KK-001\', \'Raihan\', \'Bukunee\', \'23\', \'22\', \'sjkjs\', \'Rahmadi CahyoSaputro_1709105688.png\')')
 3 SYSTEMPATH\Database\BaseConnection.php(607): CodeIgniter\Database\BaseConnection->simpleQuery('INSERT INTO `tb_buku` (`judul`, `id_buku`, `id_kategori_buku`, `penulis`, `penerbit`, `tahun_terbit`, `stok`, `sinopsis`, `sampul_buku`) VALUES (\'Rahmadi CahyoSaputro\', \'KB-003\', \'KK-001\', \'Raihan\', \'Bukunee\', \'23\', \'22\', \'sjkjs\', \'Rahmadi CahyoSaputro_1709105688.png\')')
 4 SYSTEMPATH\Database\BaseBuilder.php(2307): CodeIgniter\Database\BaseConnection->query('INSERT INTO `tb_buku` (`judul`, `id_buku`, `id_kategori_buku`, `penulis`, `penerbit`, `tahun_terbit`, `stok`, `sinopsis`, `sampul_buku`) VALUES (:judul:, :id_buku:, :id_kategori_buku:, :penulis:, :penerbit:, :tahun_terbit:, :stok:, :sinopsis:, :sampul_buku:)', [...], false)
 5 APPPATH\Models\ModelBuku.php(16): CodeIgniter\Database\BaseBuilder->insert([...])
 6 APPPATH\Controllers\Admin.php(451): App\Models\ModelBuku->tambah_buku([...])
 7 SYSTEMPATH\CodeIgniter.php(941): App\Controllers\Admin->proses_tambah_buku()
 8 SYSTEMPATH\CodeIgniter.php(502): CodeIgniter\CodeIgniter->runController(Object(App\Controllers\Admin))
 9 SYSTEMPATH\CodeIgniter.php(361): CodeIgniter\CodeIgniter->handleRequest(null, Object(Config\Cache), false)
10 FCPATH\index.php(79): CodeIgniter\CodeIgniter->run()
INFO - 2024-02-28 07:34:55 --> Session: Class initialized using 'CodeIgniter\Session\Handlers\FileHandler' driver.
INFO - 2024-02-28 07:34:58 --> Session: Class initialized using 'CodeIgniter\Session\Handlers\FileHandler' driver.
INFO - 2024-02-28 07:35:25 --> Session: Class initialized using 'CodeIgniter\Session\Handlers\FileHandler' driver.
INFO - 2024-02-28 07:35:41 --> Session: Class initialized using 'CodeIgniter\Session\Handlers\FileHandler' driver.
INFO - 2024-02-28 07:35:41 --> Session: Class initialized using 'CodeIgniter\Session\Handlers\FileHandler' driver.
INFO - 2024-02-28 07:36:18 --> Session: Class initialized using 'CodeIgniter\Session\Handlers\FileHandler' driver.
INFO - 2024-02-28 07:37:29 --> Session: Class initialized using 'CodeIgniter\Session\Handlers\FileHandler' driver.
INFO - 2024-02-28 07:37:29 --> Session: Class initialized using 'CodeIgniter\Session\Handlers\FileHandler' driver.
INFO - 2024-02-28 07:37:39 --> Session: Class initialized using 'CodeIgniter\Session\Handlers\FileHandler' driver.
INFO - 2024-02-28 07:38:45 --> Session: Class initialized using 'CodeIgniter\Session\Handlers\FileHandler' driver.
INFO - 2024-02-28 07:38:45 --> Session: Class initialized using 'CodeIgniter\Session\Handlers\FileHandler' driver.
INFO - 2024-02-28 07:39:01 --> Session: Class initialized using 'CodeIgniter\Session\Handlers\FileHandler' driver.
INFO - 2024-02-28 07:39:22 --> Session: Class initialized using 'CodeIgniter\Session\Handlers\FileHandler' driver.
INFO - 2024-02-28 07:39:22 --> Session: Class initialized using 'CodeIgniter\Session\Handlers\FileHandler' driver.
INFO - 2024-02-28 07:39:30 --> Session: Class initialized using 'CodeIgniter\Session\Handlers\FileHandler' driver.
INFO - 2024-02-28 07:39:31 --> Session: Class initialized using 'CodeIgniter\Session\Handlers\FileHandler' driver.
INFO - 2024-02-28 07:39:32 --> Session: Class initialized using 'CodeIgniter\Session\Handlers\FileHandler' driver.
INFO - 2024-02-28 07:39:37 --> Session: Class initialized using 'CodeIgniter\Session\Handlers\FileHandler' driver.
INFO - 2024-02-28 07:39:38 --> Session: Class initialized using 'CodeIgniter\Session\Handlers\FileHandler' driver.
INFO - 2024-02-28 07:39:40 --> Session: Class initialized using 'CodeIgniter\Session\Handlers\FileHandler' driver.
INFO - 2024-02-28 07:39:46 --> Session: Class initialized using 'CodeIgniter\Session\Handlers\FileHandler' driver.
INFO - 2024-02-28 07:39:46 --> Session: Class initialized using 'CodeIgniter\Session\Handlers\FileHandler' driver.
INFO - 2024-02-28 07:39:59 --> Session: Class initialized using 'CodeIgniter\Session\Handlers\FileHandler' driver.
INFO - 2024-02-28 07:40:22 --> Session: Class initialized using 'CodeIgniter\Session\Handlers\FileHandler' driver.
INFO - 2024-02-28 07:40:23 --> Session: Class initialized using 'CodeIgniter\Session\Handlers\FileHandler' driver.
INFO - 2024-02-28 07:40:30 --> Session: Class initialized using 'CodeIgniter\Session\Handlers\FileHandler' driver.
INFO - 2024-02-28 07:40:30 --> Session: Class initialized using 'CodeIgniter\Session\Handlers\FileHandler' driver.
INFO - 2024-02-28 07:41:25 --> Session: Class initialized using 'CodeIgniter\Session\Handlers\FileHandler' driver.
INFO - 2024-02-28 07:41:26 --> Session: Class initialized using 'CodeIgniter\Session\Handlers\FileHandler' driver.
INFO - 2024-02-28 07:41:58 --> Session: Class initialized using 'CodeIgniter\Session\Handlers\FileHandler' driver.
INFO - 2024-02-28 07:41:58 --> Session: Class initialized using 'CodeIgniter\Session\Handlers\FileHandler' driver.
INFO - 2024-02-28 07:47:07 --> Session: Class initialized using 'CodeIgniter\Session\Handlers\FileHandler' driver.
INFO - 2024-02-28 07:47:34 --> Session: Class initialized using 'CodeIgniter\Session\Handlers\FileHandler' driver.
INFO - 2024-02-28 07:47:34 --> Session: Class initialized using 'CodeIgniter\Session\Handlers\FileHandler' driver.
INFO - 2024-02-28 07:47:47 --> Session: Class initialized using 'CodeIgniter\Session\Handlers\FileHandler' driver.
INFO - 2024-02-28 07:47:47 --> Session: Class initialized using 'CodeIgniter\Session\Handlers\FileHandler' driver.
INFO - 2024-02-28 07:48:13 --> Session: Class initialized using 'CodeIgniter\Session\Handlers\FileHandler' driver.
INFO - 2024-02-28 07:48:13 --> Session: Class initialized using 'CodeIgniter\Session\Handlers\FileHandler' driver.
INFO - 2024-02-28 07:48:24 --> Session: Class initialized using 'CodeIgniter\Session\Handlers\FileHandler' driver.
INFO - 2024-02-28 07:48:59 --> Session: Class initialized using 'CodeIgniter\Session\Handlers\FileHandler' driver.
INFO - 2024-02-28 07:48:59 --> Session: Class initialized using 'CodeIgniter\Session\Handlers\FileHandler' driver.
INFO - 2024-02-28 07:49:02 --> Session: Class initialized using 'CodeIgniter\Session\Handlers\FileHandler' driver.
INFO - 2024-02-28 07:49:05 --> Session: Class initialized using 'CodeIgniter\Session\Handlers\FileHandler' driver.
INFO - 2024-02-28 07:49:55 --> Session: Class initialized using 'CodeIgniter\Session\Handlers\FileHandler' driver.
INFO - 2024-02-28 07:49:55 --> Session: Class initialized using 'CodeIgniter\Session\Handlers\FileHandler' driver.
INFO - 2024-02-28 07:50:24 --> Session: Class initialized using 'CodeIgniter\Session\Handlers\FileHandler' driver.
INFO - 2024-02-28 07:50:28 --> Session: Class initialized using 'CodeIgniter\Session\Handlers\FileHandler' driver.
INFO - 2024-02-28 07:50:28 --> Session: Class initialized using 'CodeIgniter\Session\Handlers\FileHandler' driver.
INFO - 2024-02-28 07:50:36 --> Session: Class initialized using 'CodeIgniter\Session\Handlers\FileHandler' driver.
INFO - 2024-02-28 07:50:41 --> Session: Class initialized using 'CodeIgniter\Session\Handlers\FileHandler' driver.
INFO - 2024-02-28 07:50:41 --> Session: Class initialized using 'CodeIgniter\Session\Handlers\FileHandler' driver.
INFO - 2024-02-28 07:50:46 --> Session: Class initialized using 'CodeIgniter\Session\Handlers\FileHandler' driver.
INFO - 2024-02-28 07:52:49 --> Session: Class initialized using 'CodeIgniter\Session\Handlers\FileHandler' driver.
INFO - 2024-02-28 07:52:49 --> Session: Class initialized using 'CodeIgniter\Session\Handlers\FileHandler' driver.
INFO - 2024-02-28 07:53:22 --> Session: Class initialized using 'CodeIgniter\Session\Handlers\FileHandler' driver.
INFO - 2024-02-28 07:53:27 --> Session: Class initialized using 'CodeIgniter\Session\Handlers\FileHandler' driver.
INFO - 2024-02-28 07:53:28 --> Session: Class initialized using 'CodeIgniter\Session\Handlers\FileHandler' driver.
INFO - 2024-02-28 07:53:31 --> Session: Class initialized using 'CodeIgniter\Session\Handlers\FileHandler' driver.
INFO - 2024-02-28 07:55:24 --> Session: Class initialized using 'CodeIgniter\Session\Handlers\FileHandler' driver.
INFO - 2024-02-28 07:55:28 --> Session: Class initialized using 'CodeIgniter\Session\Handlers\FileHandler' driver.
INFO - 2024-02-28 07:55:29 --> Session: Class initialized using 'CodeIgniter\Session\Handlers\FileHandler' driver.
INFO - 2024-02-28 07:55:33 --> Session: Class initialized using 'CodeIgniter\Session\Handlers\FileHandler' driver.
INFO - 2024-02-28 07:55:36 --> Session: Class initialized using 'CodeIgniter\Session\Handlers\FileHandler' driver.
INFO - 2024-02-28 07:55:37 --> Session: Class initialized using 'CodeIgniter\Session\Handlers\FileHandler' driver.
INFO - 2024-02-28 07:55:51 --> Session: Class initialized using 'CodeIgniter\Session\Handlers\FileHandler' driver.
INFO - 2024-02-28 07:55:56 --> Session: Class initialized using 'CodeIgniter\Session\Handlers\FileHandler' driver.
INFO - 2024-02-28 07:55:57 --> Session: Class initialized using 'CodeIgniter\Session\Handlers\FileHandler' driver.
INFO - 2024-02-28 07:55:58 --> Session: Class initialized using 'CodeIgniter\Session\Handlers\FileHandler' driver.
INFO - 2024-02-28 07:56:10 --> Session: Class initialized using 'CodeIgniter\Session\Handlers\FileHandler' driver.
INFO - 2024-02-28 07:56:11 --> Session: Class initialized using 'CodeIgniter\Session\Handlers\FileHandler' driver.
INFO - 2024-02-28 07:56:13 --> Session: Class initialized using 'CodeIgniter\Session\Handlers\FileHandler' driver.
INFO - 2024-02-28 07:57:04 --> Session: Class initialized using 'CodeIgniter\Session\Handlers\FileHandler' driver.
INFO - 2024-02-28 07:57:17 --> Session: Class initialized using 'CodeIgniter\Session\Handlers\FileHandler' driver.
INFO - 2024-02-28 07:57:17 --> Session: Class initialized using 'CodeIgniter\Session\Handlers\FileHandler' driver.
INFO - 2024-02-28 07:57:18 --> Session: Class initialized using 'CodeIgniter\Session\Handlers\FileHandler' driver.
INFO - 2024-02-28 07:57:31 --> Session: Class initialized using 'CodeIgniter\Session\Handlers\FileHandler' driver.
INFO - 2024-02-28 07:57:31 --> Session: Class initialized using 'CodeIgniter\Session\Handlers\FileHandler' driver.
INFO - 2024-02-28 07:57:43 --> Session: Class initialized using 'CodeIgniter\Session\Handlers\FileHandler' driver.
INFO - 2024-02-28 07:57:43 --> Session: Class initialized using 'CodeIgniter\Session\Handlers\FileHandler' driver.
INFO - 2024-02-28 07:57:47 --> Session: Class initialized using 'CodeIgniter\Session\Handlers\FileHandler' driver.
INFO - 2024-02-28 07:58:34 --> Session: Class initialized using 'CodeIgniter\Session\Handlers\FileHandler' driver.
INFO - 2024-02-28 07:58:36 --> Session: Class initialized using 'CodeIgniter\Session\Handlers\FileHandler' driver.
INFO - 2024-02-28 07:58:36 --> Session: Class initialized using 'CodeIgniter\Session\Handlers\FileHandler' driver.
INFO - 2024-02-28 07:58:38 --> Session: Class initialized using 'CodeIgniter\Session\Handlers\FileHandler' driver.
INFO - 2024-02-28 07:59:02 --> Session: Class initialized using 'CodeIgniter\Session\Handlers\FileHandler' driver.
INFO - 2024-02-28 07:59:03 --> Session: Class initialized using 'CodeIgniter\Session\Handlers\FileHandler' driver.
INFO - 2024-02-28 07:59:08 --> Session: Class initialized using 'CodeIgniter\Session\Handlers\FileHandler' driver.
INFO - 2024-02-28 07:59:09 --> Session: Class initialized using 'CodeIgniter\Session\Handlers\FileHandler' driver.
INFO - 2024-02-28 07:59:14 --> Session: Class initialized using 'CodeIgniter\Session\Handlers\FileHandler' driver.
INFO - 2024-02-28 07:59:15 --> Session: Class initialized using 'CodeIgniter\Session\Handlers\FileHandler' driver.
INFO - 2024-02-28 07:59:24 --> Session: Class initialized using 'CodeIgniter\Session\Handlers\FileHandler' driver.
INFO - 2024-02-28 07:59:24 --> Session: Class initialized using 'CodeIgniter\Session\Handlers\FileHandler' driver.
INFO - 2024-02-28 07:59:36 --> Session: Class initialized using 'CodeIgniter\Session\Handlers\FileHandler' driver.
INFO - 2024-02-28 07:59:36 --> Session: Class initialized using 'CodeIgniter\Session\Handlers\FileHandler' driver.
INFO - 2024-02-28 08:00:11 --> Session: Class initialized using 'CodeIgniter\Session\Handlers\FileHandler' driver.
INFO - 2024-02-28 08:00:12 --> Session: Class initialized using 'CodeIgniter\Session\Handlers\FileHandler' driver.
INFO - 2024-02-28 08:00:18 --> Session: Class initialized using 'CodeIgniter\Session\Handlers\FileHandler' driver.
INFO - 2024-02-28 08:00:26 --> Session: Class initialized using 'CodeIgniter\Session\Handlers\FileHandler' driver.
INFO - 2024-02-28 08:00:29 --> Session: Class initialized using 'CodeIgniter\Session\Handlers\FileHandler' driver.
INFO - 2024-02-28 08:00:35 --> Session: Class initialized using 'CodeIgniter\Session\Handlers\FileHandler' driver.
INFO - 2024-02-28 08:00:36 --> Session: Class initialized using 'CodeIgniter\Session\Handlers\FileHandler' driver.
INFO - 2024-02-28 08:00:38 --> Session: Class initialized using 'CodeIgniter\Session\Handlers\FileHandler' driver.
INFO - 2024-02-28 08:00:39 --> Session: Class initialized using 'CodeIgniter\Session\Handlers\FileHandler' driver.
INFO - 2024-02-28 08:00:41 --> Session: Class initialized using 'CodeIgniter\Session\Handlers\FileHandler' driver.
INFO - 2024-02-28 08:00:43 --> Session: Class initialized using 'CodeIgniter\Session\Handlers\FileHandler' driver.
INFO - 2024-02-28 08:00:45 --> Session: Class initialized using 'CodeIgniter\Session\Handlers\FileHandler' driver.
INFO - 2024-02-28 08:23:25 --> Session: Class initialized using 'CodeIgniter\Session\Handlers\FileHandler' driver.
INFO - 2024-02-28 08:23:47 --> Session: Class initialized using 'CodeIgniter\Session\Handlers\FileHandler' driver.
INFO - 2024-02-28 08:23:50 --> Session: Class initialized using 'CodeIgniter\Session\Handlers\FileHandler' driver.
INFO - 2024-02-28 08:25:09 --> Session: Class initialized using 'CodeIgniter\Session\Handlers\FileHandler' driver.
INFO - 2024-02-28 08:25:09 --> Session: Class initialized using 'CodeIgniter\Session\Handlers\FileHandler' driver.
INFO - 2024-02-28 08:29:03 --> Session: Class initialized using 'CodeIgniter\Session\Handlers\FileHandler' driver.
INFO - 2024-02-28 08:29:06 --> Session: Class initialized using 'CodeIgniter\Session\Handlers\FileHandler' driver.
INFO - 2024-02-28 08:29:06 --> Session: Class initialized using 'CodeIgniter\Session\Handlers\FileHandler' driver.
INFO - 2024-02-28 08:29:12 --> Session: Class initialized using 'CodeIgniter\Session\Handlers\FileHandler' driver.
